<?xml version="1.0" encoding="UTF-8"?>
<testsuite xmlns:xsi="http://www.w3.org/2001/XMLSchema-instance" xsi:noNamespaceSchemaLocation="https://maven.apache.org/surefire/maven-surefire-plugin/xsd/surefire-test-report-3.0.xsd" version="3.0" name="praktikum.BurgerTest" time="1.025" tests="15" errors="0" skipped="0" failures="0">
  <properties>
    <property name="sun.desktop" value="windows"/>
    <property name="awt.toolkit" value="sun.awt.windows.WToolkit"/>
    <property name="java.specification.version" value="11"/>
    <property name="sun.cpu.isalist" value="amd64"/>
    <property name="sun.jnu.encoding" value="Cp1252"/>
    <property name="java.class.path" value="D:\IdeaProjects\yandex-practicum\Diplom\Diplom_1\target\test-classes;D:\IdeaProjects\yandex-practicum\Diplom\Diplom_1\target\classes;C:\Users\wongs\.m2\repository\junit\junit\4.13.2\junit-4.13.2.jar;C:\Users\wongs\.m2\repository\org\hamcrest\hamcrest-core\1.3\hamcrest-core-1.3.jar;C:\Users\wongs\.m2\repository\org\mockito\mockito-core\3.12.4\mockito-core-3.12.4.jar;C:\Users\wongs\.m2\repository\net\bytebuddy\byte-buddy\1.11.13\byte-buddy-1.11.13.jar;C:\Users\wongs\.m2\repository\net\bytebuddy\byte-buddy-agent\1.11.13\byte-buddy-agent-1.11.13.jar;C:\Users\wongs\.m2\repository\org\objenesis\objenesis\3.2\objenesis-3.2.jar;C:\Users\wongs\.m2\repository\io\qameta\allure\allure-junit4\2.15.0\allure-junit4-2.15.0.jar;C:\Users\wongs\.m2\repository\io\qameta\allure\allure-java-commons\2.15.0\allure-java-commons-2.15.0.jar;C:\Users\wongs\.m2\repository\org\slf4j\slf4j-api\1.7.30\slf4j-api-1.7.30.jar;C:\Users\wongs\.m2\repository\io\qameta\allure\allure-model\2.15.0\allure-model-2.15.0.jar;"/>
    <property name="java.vm.vendor" value="Amazon.com Inc."/>
    <property name="sun.arch.data.model" value="64"/>
    <property name="user.variant" value=""/>
    <property name="java.vendor.url" value="https://aws.amazon.com/corretto/"/>
    <property name="user.timezone" value="Asia/Almaty"/>
    <property name="java.vm.specification.version" value="11"/>
    <property name="os.name" value="Windows 11"/>
    <property name="sun.java.launcher" value="SUN_STANDARD"/>
    <property name="user.country" value="RU"/>
    <property name="sun.boot.library.path" value="C:\Users\wongs\.jdks\corretto-11.0.15\bin"/>
    <property name="sun.java.command" value="C:\Users\wongs\AppData\Local\Temp\surefire16979828289626091673\surefirebooter-20250423191821262_3.jar C:\Users\wongs\AppData\Local\Temp\surefire16979828289626091673 2025-04-23T19-18-20_935-jvmRun1 surefire-20250423191821262_1tmp surefire_0-20250423191821262_2tmp"/>
    <property name="jdk.debug" value="release"/>
    <property name="surefire.test.class.path" value="D:\IdeaProjects\yandex-practicum\Diplom\Diplom_1\target\test-classes;D:\IdeaProjects\yandex-practicum\Diplom\Diplom_1\target\classes;C:\Users\wongs\.m2\repository\junit\junit\4.13.2\junit-4.13.2.jar;C:\Users\wongs\.m2\repository\org\hamcrest\hamcrest-core\1.3\hamcrest-core-1.3.jar;C:\Users\wongs\.m2\repository\org\mockito\mockito-core\3.12.4\mockito-core-3.12.4.jar;C:\Users\wongs\.m2\repository\net\bytebuddy\byte-buddy\1.11.13\byte-buddy-1.11.13.jar;C:\Users\wongs\.m2\repository\net\bytebuddy\byte-buddy-agent\1.11.13\byte-buddy-agent-1.11.13.jar;C:\Users\wongs\.m2\repository\org\objenesis\objenesis\3.2\objenesis-3.2.jar;C:\Users\wongs\.m2\repository\io\qameta\allure\allure-junit4\2.15.0\allure-junit4-2.15.0.jar;C:\Users\wongs\.m2\repository\io\qameta\allure\allure-java-commons\2.15.0\allure-java-commons-2.15.0.jar;C:\Users\wongs\.m2\repository\org\slf4j\slf4j-api\1.7.30\slf4j-api-1.7.30.jar;C:\Users\wongs\.m2\repository\io\qameta\allure\allure-model\2.15.0\allure-model-2.15.0.jar;"/>
    <property name="sun.cpu.endian" value="little"/>
    <property name="user.home" value="C:\Users\wongs"/>
    <property name="user.language" value="ru"/>
    <property name="java.specification.vendor" value="Oracle Corporation"/>
    <property name="java.version.date" value="2022-04-19"/>
    <property name="java.home" value="C:\Users\wongs\.jdks\corretto-11.0.15"/>
    <property name="file.separator" value="\"/>
    <property name="basedir" value="D:\IdeaProjects\yandex-practicum\Diplom\Diplom_1"/>
    <property name="java.vm.compressedOopsMode" value="Zero based"/>
    <property name="line.separator" value="&#10;"/>
    <property name="java.specification.name" value="Java Platform API Specification"/>
    <property name="java.vm.specification.vendor" value="Oracle Corporation"/>
    <property name="java.awt.graphicsenv" value="sun.awt.Win32GraphicsEnvironment"/>
    <property name="surefire.real.class.path" value="C:\Users\wongs\AppData\Local\Temp\surefire16979828289626091673\surefirebooter-20250423191821262_3.jar"/>
    <property name="user.script" value=""/>
    <property name="sun.management.compiler" value="HotSpot 64-Bit Tiered Compilers"/>
    <property name="java.runtime.version" value="11.0.15+9-LTS"/>
    <property name="user.name" value="wongs"/>
    <property name="path.separator" value=";"/>
    <property name="os.version" value="10.0"/>
    <property name="java.runtime.name" value="OpenJDK Runtime Environment"/>
    <property name="file.encoding" value="Cp1252"/>
    <property name="java.vm.name" value="OpenJDK 64-Bit Server VM"/>
    <property name="java.vendor.version" value="Corretto-11.0.15.9.1"/>
    <property name="localRepository" value="C:\Users\wongs\.m2\repository"/>
    <property name="java.vendor.url.bug" value="https://github.com/corretto/corretto-11/issues/"/>
    <property name="java.io.tmpdir" value="C:\Users\wongs\AppData\Local\Temp\"/>
    <property name="idea.version" value="2024.3.2.2"/>
    <property name="java.version" value="11.0.15"/>
    <property name="user.dir" value="D:\IdeaProjects\yandex-practicum\Diplom\Diplom_1"/>
    <property name="os.arch" value="amd64"/>
    <property name="java.vm.specification.name" value="Java Virtual Machine Specification"/>
    <property name="java.awt.printerjob" value="sun.awt.windows.WPrinterJob"/>
    <property name="sun.os.patch.level" value=""/>
    <property name="java.library.path" value="C:\Users\wongs\.jdks\corretto-11.0.15\bin;C:\WINDOWS\Sun\Java\bin;C:\WINDOWS\system32;C:\WINDOWS;C:\Program Files (x86)\NVIDIA Corporation\PhysX\Common;C:\Python310\Scripts\;C:\Python310\;C:\Program Files\Common Files\Oracle\Java\javapath;C:\WINDOWS\system32;C:\WINDOWS;C:\WINDOWS\System32\Wbem;C:\WINDOWS\System32\WindowsPowerShell\v1.0\;C:\WINDOWS\System32\OpenSSH\;C:\Program Files\Git\cmd;C:\Program Files\nodejs\;C:\ProgramData\chocolatey\bin;C:\Program Files\PuTTY\;C:\Program Files\dotnet\;C:\Program Files\HP\HP One Agent;C:\Users\wongs\.jdks\corretto-1.8.0_322\bin;C:\WINDOWS\system32;C:\WINDOWS;C:\WINDOWS\System32\Wbem;C:\WINDOWS\System32\WindowsPowerShell\v1.0\;C:\WINDOWS\System32\OpenSSH\;D:\allure-2.33.0\bin;;C:\Program Files\Docker\Docker\resources\bin;C:\Users\wongs\AppData\Local\Microsoft\WindowsApps;C:\Program Files\JetBrains\IntelliJ IDEA 2021.3.1\bin;C:\Users\wongs\AppData\Local\Programs\Microsoft VS Code\bin;C:\Users\wongs\AppData\Roaming\npm;C:\Users\wongs\AppData\Local\JetBrains\Toolbox\scripts;C:\Program Files\heroku\bin;C:\Users\wongs\AppData\Local\Microsoft\WindowsApps;."/>
    <property name="java.vm.info" value="mixed mode"/>
    <property name="java.vendor" value="Amazon.com Inc."/>
    <property name="java.vm.version" value="11.0.15+9-LTS"/>
    <property name="sun.io.unicode.encoding" value="UnicodeLittle"/>
    <property name="java.class.version" value="55.0"/>
  </properties>
  <testcase name="addIngredient[0]" classname="praktikum.BurgerTest" time="0.004"/>
  <testcase name="removeIngredient[0]" classname="praktikum.BurgerTest" time="0.0"/>
  <testcase name="moveIngredient[0]" classname="praktikum.BurgerTest" time="0.0"/>
  <testcase name="getPrice[0]" classname="praktikum.BurgerTest" time="0.0"/>
  <testcase name="getReceipt[0]" classname="praktikum.BurgerTest" time="0.005"/>
  <testcase name="addIngredient[1]" classname="praktikum.BurgerTest" time="0.0"/>
  <testcase name="removeIngredient[1]" classname="praktikum.BurgerTest" time="0.0"/>
  <testcase name="moveIngredient[1]" classname="praktikum.BurgerTest" time="0.002"/>
  <testcase name="getPrice[1]" classname="praktikum.BurgerTest" time="0.0"/>
  <testcase name="getReceipt[1]" classname="praktikum.BurgerTest" time="0.0"/>
  <testcase name="addIngredient[2]" classname="praktikum.BurgerTest" time="0.0"/>
  <testcase name="removeIngredient[2]" classname="praktikum.BurgerTest" time="0.0"/>
  <testcase name="moveIngredient[2]" classname="praktikum.BurgerTest" time="0.0"/>
  <testcase name="getPrice[2]" classname="praktikum.BurgerTest" time="0.0"/>
  <testcase name="getReceipt[2]" classname="praktikum.BurgerTest" time="0.0"/>
</testsuite>