<?xml version="1.0" encoding="UTF-8"?>
<testsuite xmlns:xsi="http://www.w3.org/2001/XMLSchema-instance" xsi:noNamespaceSchemaLocation="https://maven.apache.org/surefire/maven-surefire-plugin/xsd/surefire-test-report-3.0.xsd" version="3.0" name="praktikum.IngredientTest" time="0.009" tests="16" errors="0" skipped="0" failures="0">
  <properties>
    <property name="sun.desktop" value="windows"/>
    <property name="awt.toolkit" value="sun.awt.windows.WToolkit"/>
    <property name="java.specification.version" value="11"/>
    <property name="sun.cpu.isalist" value="amd64"/>
    <property name="sun.jnu.encoding" value="Cp1251"/>
    <property name="java.class.path" value="C:\yandex\Diplom\QA-java-diplom-1\target\test-classes;C:\yandex\Diplom\QA-java-diplom-1\target\classes;C:\Users\Pashtet\.m2\repository\org\mockito\mockito-core\5.11.0\mockito-core-5.11.0.jar;C:\Users\Pashtet\.m2\repository\net\bytebuddy\byte-buddy-agent\1.14.12\byte-buddy-agent-1.14.12.jar;C:\Users\Pashtet\.m2\repository\org\objenesis\objenesis\3.3\objenesis-3.3.jar;C:\Users\Pashtet\.m2\repository\junit\junit\4.13.2\junit-4.13.2.jar;C:\Users\Pashtet\.m2\repository\org\hamcrest\hamcrest-core\1.3\hamcrest-core-1.3.jar;C:\Users\Pashtet\.m2\repository\net\bytebuddy\byte-buddy\1.14.18\byte-buddy-1.14.18.jar;"/>
    <property name="java.vm.vendor" value="Amazon.com Inc."/>
    <property name="sun.arch.data.model" value="64"/>
    <property name="user.variant" value=""/>
    <property name="java.vendor.url" value="https://aws.amazon.com/corretto/"/>
    <property name="user.timezone" value="Europe/Moscow"/>
    <property name="java.vm.specification.version" value="11"/>
    <property name="os.name" value="Windows 11"/>
    <property name="sun.java.launcher" value="SUN_STANDARD"/>
    <property name="user.country" value="RU"/>
    <property name="sun.boot.library.path" value="C:\Program Files\Amazon Corretto\jdk11.0.23_9\bin"/>
    <property name="sun.java.command" value="C:\Users\Pashtet\AppData\Local\Temp\surefire8186179390663781299\surefirebooter-20241201204856578_3.jar C:\Users\Pashtet\AppData\Local\Temp\surefire8186179390663781299 2024-12-01T20-48-56_444-jvmRun1 surefire-20241201204856578_1tmp surefire_0-20241201204856578_2tmp"/>
    <property name="jdk.debug" value="release"/>
    <property name="surefire.test.class.path" value="C:\yandex\Diplom\QA-java-diplom-1\target\test-classes;C:\yandex\Diplom\QA-java-diplom-1\target\classes;C:\Users\Pashtet\.m2\repository\org\mockito\mockito-core\5.11.0\mockito-core-5.11.0.jar;C:\Users\Pashtet\.m2\repository\net\bytebuddy\byte-buddy-agent\1.14.12\byte-buddy-agent-1.14.12.jar;C:\Users\Pashtet\.m2\repository\org\objenesis\objenesis\3.3\objenesis-3.3.jar;C:\Users\Pashtet\.m2\repository\junit\junit\4.13.2\junit-4.13.2.jar;C:\Users\Pashtet\.m2\repository\org\hamcrest\hamcrest-core\1.3\hamcrest-core-1.3.jar;C:\Users\Pashtet\.m2\repository\net\bytebuddy\byte-buddy\1.14.18\byte-buddy-1.14.18.jar;"/>
    <property name="sun.cpu.endian" value="little"/>
    <property name="user.home" value="C:\Users\Pashtet"/>
    <property name="user.language" value="ru"/>
    <property name="java.specification.vendor" value="Oracle Corporation"/>
    <property name="java.version.date" value="2024-04-16"/>
    <property name="java.home" value="C:\Program Files\Amazon Corretto\jdk11.0.23_9"/>
    <property name="file.separator" value="\"/>
    <property name="basedir" value="C:\yandex\Diplom\QA-java-diplom-1"/>
    <property name="java.vm.compressedOopsMode" value="Zero based"/>
    <property name="line.separator" value="&#10;"/>
    <property name="java.specification.name" value="Java Platform API Specification"/>
    <property name="java.vm.specification.vendor" value="Oracle Corporation"/>
    <property name="java.awt.graphicsenv" value="sun.awt.Win32GraphicsEnvironment"/>
    <property name="surefire.real.class.path" value="C:\Users\Pashtet\AppData\Local\Temp\surefire8186179390663781299\surefirebooter-20241201204856578_3.jar"/>
    <property name="user.script" value=""/>
    <property name="sun.management.compiler" value="HotSpot 64-Bit Tiered Compilers"/>
    <property name="java.runtime.version" value="11.0.23+9-LTS"/>
    <property name="user.name" value="Pashtet"/>
    <property name="path.separator" value=";"/>
    <property name="os.version" value="10.0"/>
    <property name="java.runtime.name" value="OpenJDK Runtime Environment"/>
    <property name="file.encoding" value="Cp1251"/>
    <property name="java.vm.name" value="OpenJDK 64-Bit Server VM"/>
    <property name="java.vendor.version" value="Corretto-11.0.23.9.1"/>
    <property name="localRepository" value="C:\Users\Pashtet\.m2\repository"/>
    <property name="java.vendor.url.bug" value="https://github.com/corretto/corretto-11/issues/"/>
    <property name="java.io.tmpdir" value="C:\Users\Pashtet\AppData\Local\Temp\"/>
    <property name="idea.version" value="2024.1.3"/>
    <property name="java.version" value="11.0.23"/>
    <property name="user.dir" value="C:\yandex\Diplom\QA-java-diplom-1"/>
    <property name="os.arch" value="amd64"/>
    <property name="java.vm.specification.name" value="Java Virtual Machine Specification"/>
    <property name="java.awt.printerjob" value="sun.awt.windows.WPrinterJob"/>
    <property name="sun.os.patch.level" value=""/>
    <property name="java.library.path" value="C:\Program Files\Amazon Corretto\jdk11.0.23_9\bin;C:\WINDOWS\Sun\Java\bin;C:\WINDOWS\system32;C:\WINDOWS;C:\Program Files\Amazon Corretto\jdk11.0.23_9\bin;C:\WINDOWS\system32;C:\WINDOWS;C:\WINDOWS\System32\Wbem;C:\WINDOWS\System32\WindowsPowerShell\v1.0\;C:\WINDOWS\System32\OpenSSH\;C:\Program Files\dotnet\;C:\Program Files\apache-maven-3.9.7\bin;C:\Program Files (x86)\NVIDIA Corporation\PhysX\Common;C:\Program Files\Git\cmd;C:\Program Files\Git\mingw64\bin;C:\Program Files\Git\usr\bin;C:\Program Files\Docker\Docker\resources\bin;C:\Users\Pashtet\AppData\Local\Microsoft\WindowsApps;C:\Program Files\JetBrains\IntelliJ IDEA Community Edition 2024.1.3\bin;C:\yandex\WebDriver\bin;C:\yandex\allure-2.31.0\bin;."/>
    <property name="java.vm.info" value="mixed mode"/>
    <property name="java.vendor" value="Amazon.com Inc."/>
    <property name="java.vm.version" value="11.0.23+9-LTS"/>
    <property name="java.specification.maintenance.version" value="2"/>
    <property name="sun.io.unicode.encoding" value="UnicodeLittle"/>
    <property name="java.class.version" value="55.0"/>
  </properties>
  <testcase name="getIngredientPriceCheck[0]" classname="praktikum.IngredientTest" time="0.0"/>
  <testcase name="getIngredientTypeCheck[0]" classname="praktikum.IngredientTest" time="0.0"/>
  <testcase name="ingredientConstructorCheck[0]" classname="praktikum.IngredientTest" time="0.006"/>
  <testcase name="getIngredientNameCheck[0]" classname="praktikum.IngredientTest" time="0.0"/>
  <testcase name="getIngredientPriceCheck[1]" classname="praktikum.IngredientTest" time="0.0"/>
  <testcase name="getIngredientTypeCheck[1]" classname="praktikum.IngredientTest" time="0.0"/>
  <testcase name="ingredientConstructorCheck[1]" classname="praktikum.IngredientTest" time="0.0"/>
  <testcase name="getIngredientNameCheck[1]" classname="praktikum.IngredientTest" time="0.0"/>
  <testcase name="getIngredientPriceCheck[2]" classname="praktikum.IngredientTest" time="0.0"/>
  <testcase name="getIngredientTypeCheck[2]" classname="praktikum.IngredientTest" time="0.0"/>
  <testcase name="ingredientConstructorCheck[2]" classname="praktikum.IngredientTest" time="0.0"/>
  <testcase name="getIngredientNameCheck[2]" classname="praktikum.IngredientTest" time="0.0"/>
  <testcase name="getIngredientPriceCheck[3]" classname="praktikum.IngredientTest" time="0.0"/>
  <testcase name="getIngredientTypeCheck[3]" classname="praktikum.IngredientTest" time="0.0"/>
  <testcase name="ingredientConstructorCheck[3]" classname="praktikum.IngredientTest" time="0.0"/>
  <testcase name="getIngredientNameCheck[3]" classname="praktikum.IngredientTest" time="0.0"/>
</testsuite>