<?xml version="1.0" encoding="UTF-8"?>
<testsuite xmlns:xsi="http://www.w3.org/2001/XMLSchema-instance" xsi:noNamespaceSchemaLocation="https://maven.apache.org/surefire/maven-surefire-plugin/xsd/surefire-test-report-3.0.xsd" version="3.0" name="TestIngredient" time="0.013" tests="18" errors="0" skipped="0" failures="0">
  <properties>
    <property name="sun.desktop" value="windows"/>
    <property name="awt.toolkit" value="sun.awt.windows.WToolkit"/>
    <property name="java.specification.version" value="11"/>
    <property name="sun.cpu.isalist" value="amd64"/>
    <property name="sun.jnu.encoding" value="Cp1251"/>
    <property name="java.class.path" value="C:\Users\NPototskaya\yandex\Diplom_Natalia_Potoskaia_30\Diplom_1\target\test-classes;C:\Users\NPototskaya\yandex\Diplom_Natalia_Potoskaia_30\Diplom_1\target\classes;C:\Users\NPototskaya\.m2\repository\org\mockito\mockito-core\3.12.4\mockito-core-3.12.4.jar;C:\Users\NPototskaya\.m2\repository\net\bytebuddy\byte-buddy\1.11.13\byte-buddy-1.11.13.jar;C:\Users\NPototskaya\.m2\repository\net\bytebuddy\byte-buddy-agent\1.11.13\byte-buddy-agent-1.11.13.jar;C:\Users\NPototskaya\.m2\repository\org\objenesis\objenesis\3.2\objenesis-3.2.jar;C:\Users\NPototskaya\.m2\repository\junit\junit\4.13.2\junit-4.13.2.jar;C:\Users\NPototskaya\.m2\repository\org\hamcrest\hamcrest-core\1.3\hamcrest-core-1.3.jar;"/>
    <property name="java.vm.vendor" value="Amazon.com Inc."/>
    <property name="sun.arch.data.model" value="64"/>
    <property name="user.variant" value=""/>
    <property name="java.vendor.url" value="https://aws.amazon.com/corretto/"/>
    <property name="user.timezone" value="Europe/Moscow"/>
    <property name="user.country.format" value="RU"/>
    <property name="java.vm.specification.version" value="11"/>
    <property name="os.name" value="Windows 10"/>
    <property name="sun.java.launcher" value="SUN_STANDARD"/>
    <property name="user.country" value="US"/>
    <property name="sun.boot.library.path" value="C:\Program Files\Amazon Corretto\jdk11.0.21_9\bin"/>
    <property name="sun.java.command" value="C:\Users\NPototskaya\AppData\Local\Temp\surefire7945349104998917800\surefirebooter-20240411172349254_3.jar C:\Users\NPototskaya\AppData\Local\Temp\surefire7945349104998917800 2024-04-11T17-23-49_058-jvmRun1 surefire-20240411172349254_1tmp surefire_0-20240411172349254_2tmp"/>
    <property name="jdk.debug" value="release"/>
    <property name="surefire.test.class.path" value="C:\Users\NPototskaya\yandex\Diplom_Natalia_Potoskaia_30\Diplom_1\target\test-classes;C:\Users\NPototskaya\yandex\Diplom_Natalia_Potoskaia_30\Diplom_1\target\classes;C:\Users\NPototskaya\.m2\repository\org\mockito\mockito-core\3.12.4\mockito-core-3.12.4.jar;C:\Users\NPototskaya\.m2\repository\net\bytebuddy\byte-buddy\1.11.13\byte-buddy-1.11.13.jar;C:\Users\NPototskaya\.m2\repository\net\bytebuddy\byte-buddy-agent\1.11.13\byte-buddy-agent-1.11.13.jar;C:\Users\NPototskaya\.m2\repository\org\objenesis\objenesis\3.2\objenesis-3.2.jar;C:\Users\NPototskaya\.m2\repository\junit\junit\4.13.2\junit-4.13.2.jar;C:\Users\NPototskaya\.m2\repository\org\hamcrest\hamcrest-core\1.3\hamcrest-core-1.3.jar;"/>
    <property name="sun.cpu.endian" value="little"/>
    <property name="user.home" value="C:\Users\NPototskaya"/>
    <property name="user.language" value="en"/>
    <property name="java.specification.vendor" value="Oracle Corporation"/>
    <property name="java.version.date" value="2023-10-17"/>
    <property name="java.home" value="C:\Program Files\Amazon Corretto\jdk11.0.21_9"/>
    <property name="file.separator" value="\"/>
    <property name="basedir" value="C:\Users\NPototskaya\yandex\Diplom_Natalia_Potoskaia_30\Diplom_1"/>
    <property name="java.vm.compressedOopsMode" value="Zero based"/>
    <property name="line.separator" value="&#10;"/>
    <property name="java.specification.name" value="Java Platform API Specification"/>
    <property name="java.vm.specification.vendor" value="Oracle Corporation"/>
    <property name="java.awt.graphicsenv" value="sun.awt.Win32GraphicsEnvironment"/>
    <property name="surefire.real.class.path" value="C:\Users\NPototskaya\AppData\Local\Temp\surefire7945349104998917800\surefirebooter-20240411172349254_3.jar"/>
    <property name="user.script" value=""/>
    <property name="sun.management.compiler" value="HotSpot 64-Bit Tiered Compilers"/>
    <property name="java.runtime.version" value="11.0.21+9-LTS"/>
    <property name="user.name" value="NPototskaya"/>
    <property name="path.separator" value=";"/>
    <property name="os.version" value="10.0"/>
    <property name="java.runtime.name" value="OpenJDK Runtime Environment"/>
    <property name="file.encoding" value="Cp1251"/>
    <property name="java.vm.name" value="OpenJDK 64-Bit Server VM"/>
    <property name="java.vendor.version" value="Corretto-11.0.21.9.1"/>
    <property name="localRepository" value="C:\Users\NPototskaya\.m2\repository"/>
    <property name="java.vendor.url.bug" value="https://github.com/corretto/corretto-11/issues/"/>
    <property name="java.io.tmpdir" value="C:\Users\NPOTOT~1\AppData\Local\Temp\"/>
    <property name="idea.version" value="2023.3"/>
    <property name="java.version" value="11.0.21"/>
    <property name="user.dir" value="C:\Users\NPototskaya\yandex\Diplom_Natalia_Potoskaia_30\Diplom_1"/>
    <property name="os.arch" value="amd64"/>
    <property name="java.vm.specification.name" value="Java Virtual Machine Specification"/>
    <property name="java.awt.printerjob" value="sun.awt.windows.WPrinterJob"/>
    <property name="user.language.format" value="ru"/>
    <property name="sun.os.patch.level" value=""/>
    <property name="java.library.path" value="C:\Program Files\Amazon Corretto\jdk11.0.21_9\bin;C:\windows\Sun\Java\bin;C:\windows\system32;C:\windows;C:\Program Files\Amazon Corretto\jdk11.0.21_9\bin;C:\Program Files\Common Files\Oracle\Java\javapath;C:\Program Files\AdoptOpenJDK\jdk-8.0.292.10-hotspot\bin;C:\windows\system32;C:\windows;C:\windows\System32\Wbem;C:\windows\System32\WindowsPowerShell\v1.0\;C:\windows\System32\OpenSSH\;C:\Program Files\Microsoft SQL Server\150\Tools\Binn\;C:\Program Files\Microsoft SQL Server\Client SDK\ODBC\170\Tools\Binn\;C:\Program Files\dotnet\;C:\Users\NPototskaya\Downloads\apache-maven-3.9.6-bin\apache-maven-3.9.6\bin;C:\Program Files\Git\cmd;C:\Program Files\Git\mingw64\bin;C:\Program Files\Git\usr\bin;C:\Users\NPototskaya\Downloads\allure-commandline-2.15.0\allure-2.15.0\bin;C:\Users\NPototskaya\AppData\Local\Microsoft\WindowsApps;C:\Users\NPototskaya\.dotnet\tools;C:\Program Files\WebDriver\bin;;."/>
    <property name="java.vm.info" value="mixed mode"/>
    <property name="java.vendor" value="Amazon.com Inc."/>
    <property name="java.vm.version" value="11.0.21+9-LTS"/>
    <property name="java.specification.maintenance.version" value="2"/>
    <property name="sun.io.unicode.encoding" value="UnicodeLittle"/>
    <property name="java.class.version" value="55.0"/>
  </properties>
  <testcase name="getPriceTest[0]" classname="TestIngredient" time="0.001"/>
  <testcase name="getNameTest[0]" classname="TestIngredient" time="0.0"/>
  <testcase name="getTypeTest[0]" classname="TestIngredient" time="0.0"/>
  <testcase name="getPriceTest[1]" classname="TestIngredient" time="0.0"/>
  <testcase name="getNameTest[1]" classname="TestIngredient" time="0.0"/>
  <testcase name="getTypeTest[1]" classname="TestIngredient" time="0.0"/>
  <testcase name="getPriceTest[2]" classname="TestIngredient" time="0.0"/>
  <testcase name="getNameTest[2]" classname="TestIngredient" time="0.0"/>
  <testcase name="getTypeTest[2]" classname="TestIngredient" time="0.001"/>
  <testcase name="getPriceTest[3]" classname="TestIngredient" time="0.0"/>
  <testcase name="getNameTest[3]" classname="TestIngredient" time="0.003"/>
  <testcase name="getTypeTest[3]" classname="TestIngredient" time="0.0"/>
  <testcase name="getPriceTest[4]" classname="TestIngredient" time="0.0"/>
  <testcase name="getNameTest[4]" classname="TestIngredient" time="0.0"/>
  <testcase name="getTypeTest[4]" classname="TestIngredient" time="0.0"/>
  <testcase name="getPriceTest[5]" classname="TestIngredient" time="0.0"/>
  <testcase name="getNameTest[5]" classname="TestIngredient" time="0.0"/>
  <testcase name="getTypeTest[5]" classname="TestIngredient" time="0.0"/>
</testsuite>