<?xml version="1.0" encoding="UTF-8"?>
<testsuite xmlns:xsi="http://www.w3.org/2001/XMLSchema-instance" xsi:noNamespaceSchemaLocation="https://maven.apache.org/surefire/maven-surefire-plugin/xsd/surefire-test-report.xsd" name="IngredientTest" time="0.087" tests="6" errors="0" skipped="0" failures="0">
  <properties>
    <property name="sun.desktop" value="windows"/>
    <property name="awt.toolkit" value="sun.awt.windows.WToolkit"/>
    <property name="java.specification.version" value="11"/>
    <property name="sun.cpu.isalist" value="amd64"/>
    <property name="sun.jnu.encoding" value="Cp1251"/>
    <property name="java.class.path" value="E:\projects\Diplom_1\target\test-classes;E:\projects\Diplom_1\target\classes;C:\Users\Maria\.m2\repository\junit\junit\4.13.1\junit-4.13.1.jar;C:\Users\Maria\.m2\repository\org\hamcrest\hamcrest-core\1.3\hamcrest-core-1.3.jar;C:\Users\Maria\.m2\repository\org\mockito\mockito-core\3.12.4\mockito-core-3.12.4.jar;C:\Users\Maria\.m2\repository\net\bytebuddy\byte-buddy\1.11.13\byte-buddy-1.11.13.jar;C:\Users\Maria\.m2\repository\net\bytebuddy\byte-buddy-agent\1.11.13\byte-buddy-agent-1.11.13.jar;C:\Users\Maria\.m2\repository\org\objenesis\objenesis\3.2\objenesis-3.2.jar;"/>
    <property name="java.vm.vendor" value="Amazon.com Inc."/>
    <property name="sun.arch.data.model" value="64"/>
    <property name="user.variant" value=""/>
    <property name="java.vendor.url" value="https://aws.amazon.com/corretto/"/>
    <property name="user.timezone" value="Europe/Moscow"/>
    <property name="java.vm.specification.version" value="11"/>
    <property name="os.name" value="Windows 10"/>
    <property name="sun.java.launcher" value="SUN_STANDARD"/>
    <property name="user.country" value="RU"/>
    <property name="sun.boot.library.path" value="C:\Program Files\Amazon Corretto\jdk11.0.13_8\bin"/>
    <property name="sun.java.command" value="C:\Users\Maria\AppData\Local\Temp\surefire18167416356558341340\surefirebooter5323137086664551030.jar C:\Users\Maria\AppData\Local\Temp\surefire18167416356558341340 2022-06-06T22-05-55_413-jvmRun1 surefire4552565555157002837tmp surefire_01719641432303087737tmp"/>
    <property name="jdk.debug" value="release"/>
    <property name="surefire.test.class.path" value="E:\projects\Diplom_1\target\test-classes;E:\projects\Diplom_1\target\classes;C:\Users\Maria\.m2\repository\junit\junit\4.13.1\junit-4.13.1.jar;C:\Users\Maria\.m2\repository\org\hamcrest\hamcrest-core\1.3\hamcrest-core-1.3.jar;C:\Users\Maria\.m2\repository\org\mockito\mockito-core\3.12.4\mockito-core-3.12.4.jar;C:\Users\Maria\.m2\repository\net\bytebuddy\byte-buddy\1.11.13\byte-buddy-1.11.13.jar;C:\Users\Maria\.m2\repository\net\bytebuddy\byte-buddy-agent\1.11.13\byte-buddy-agent-1.11.13.jar;C:\Users\Maria\.m2\repository\org\objenesis\objenesis\3.2\objenesis-3.2.jar;"/>
    <property name="sun.cpu.endian" value="little"/>
    <property name="user.home" value="C:\Users\Maria"/>
    <property name="user.language" value="ru"/>
    <property name="java.specification.vendor" value="Oracle Corporation"/>
    <property name="java.version.date" value="2021-10-19"/>
    <property name="java.home" value="C:\Program Files\Amazon Corretto\jdk11.0.13_8"/>
    <property name="file.separator" value="\"/>
    <property name="basedir" value="E:\projects\Diplom_1"/>
    <property name="java.vm.compressedOopsMode" value="32-bit"/>
    <property name="line.separator" value="&#10;"/>
    <property name="java.specification.name" value="Java Platform API Specification"/>
    <property name="java.vm.specification.vendor" value="Oracle Corporation"/>
    <property name="java.awt.graphicsenv" value="sun.awt.Win32GraphicsEnvironment"/>
    <property name="surefire.real.class.path" value="C:\Users\Maria\AppData\Local\Temp\surefire18167416356558341340\surefirebooter5323137086664551030.jar"/>
    <property name="user.script" value=""/>
    <property name="sun.management.compiler" value="HotSpot 64-Bit Tiered Compilers"/>
    <property name="java.runtime.version" value="11.0.13+8-LTS"/>
    <property name="user.name" value="Maria"/>
    <property name="path.separator" value=";"/>
    <property name="os.version" value="10.0"/>
    <property name="java.runtime.name" value="OpenJDK Runtime Environment"/>
    <property name="file.encoding" value="Cp1251"/>
    <property name="java.vm.name" value="OpenJDK 64-Bit Server VM"/>
    <property name="java.vendor.version" value="Corretto-11.0.13.8.1"/>
    <property name="localRepository" value="C:\Users\Maria\.m2\repository"/>
    <property name="java.vendor.url.bug" value="https://github.com/corretto/corretto-11/issues/"/>
    <property name="java.io.tmpdir" value="C:\Users\Maria\AppData\Local\Temp\"/>
    <property name="java.version" value="11.0.13"/>
    <property name="user.dir" value="E:\projects\Diplom_1"/>
    <property name="os.arch" value="amd64"/>
    <property name="java.vm.specification.name" value="Java Virtual Machine Specification"/>
    <property name="java.awt.printerjob" value="sun.awt.windows.WPrinterJob"/>
    <property name="sun.os.patch.level" value=""/>
    <property name="java.library.path" value="C:\Program Files\Amazon Corretto\jdk11.0.13_8\bin;C:\WINDOWS\Sun\Java\bin;C:\WINDOWS\system32;C:\WINDOWS;C:\Program Files\Amazon Corretto\jdk11.0.13_8\bin;C:\WINDOWS\system32;C:\WINDOWS;C:\WINDOWS\System32\Wbem;C:\WINDOWS\System32\WindowsPowerShell\v1.0\;C:\WINDOWS\System32\OpenSSH\;C:\Program Files\nodejs\;C:\Program Files\Amazon Corretto\jdk11.0.13_8\bin;C:\Program Files\Apache_maven\apache-maven-3.8.4\bin;C:\WebDriver\bin;C:\Program Files\Git\cmd;C:\allure-2.18.1\bin;C:\Users\Maria\AppData\Local\Microsoft\WindowsApps;C:\Users\Maria\AppData\Roaming\npm;C:\Users\Maria\AppData\Local\Programs\Fiddler;C:\Users\Maria\AppData\Local\Microsoft\WindowsApps;C:\allure-2.18.1\bin;;."/>
    <property name="java.vm.info" value="mixed mode"/>
    <property name="java.vendor" value="Amazon.com Inc."/>
    <property name="java.vm.version" value="11.0.13+8-LTS"/>
    <property name="sun.io.unicode.encoding" value="UnicodeLittle"/>
    <property name="java.class.version" value="55.0"/>
  </properties>
  <testcase name="getPriceReturnCorrectResultTest[РўРµСЃС‚РѕРІС‹Рµ РґР°РЅРЅС‹Рµ: SAUCE black bun 10,1]" classname="IngredientTest" time="0.007"/>
  <testcase name="getNameReturnCorrectResultTest[РўРµСЃС‚РѕРІС‹Рµ РґР°РЅРЅС‹Рµ: SAUCE black bun 10,1]" classname="IngredientTest" time="0.001"/>
  <testcase name="getTypeReturnCorrectResultTest[РўРµСЃС‚РѕРІС‹Рµ РґР°РЅРЅС‹Рµ: SAUCE black bun 10,1]" classname="IngredientTest" time="0"/>
  <testcase name="getPriceReturnCorrectResultTest[РўРµСЃС‚РѕРІС‹Рµ РґР°РЅРЅС‹Рµ: FILLING white bun 15]" classname="IngredientTest" time="0"/>
  <testcase name="getNameReturnCorrectResultTest[РўРµСЃС‚РѕРІС‹Рµ РґР°РЅРЅС‹Рµ: FILLING white bun 15]" classname="IngredientTest" time="0"/>
  <testcase name="getTypeReturnCorrectResultTest[РўРµСЃС‚РѕРІС‹Рµ РґР°РЅРЅС‹Рµ: FILLING white bun 15]" classname="IngredientTest" time="0.003"/>
</testsuite>