<?xml version="1.0" encoding="UTF-8"?>
<testsuite xmlns:xsi="http://www.w3.org/2001/XMLSchema-instance" xsi:noNamespaceSchemaLocation="https://maven.apache.org/surefire/maven-surefire-plugin/xsd/surefire-test-report-3.0.xsd" version="3.0" name="praktikum.BurgerTest" time="1.975" tests="6" errors="0" skipped="0" failures="0">
  <properties>
    <property name="sun.desktop" value="windows"/>
    <property name="awt.toolkit" value="sun.awt.windows.WToolkit"/>
    <property name="java.specification.version" value="11"/>
    <property name="sun.cpu.isalist" value="amd64"/>
    <property name="sun.jnu.encoding" value="Cp1251"/>
    <property name="java.class.path" value="C:\lyubow\Projects\QA-java-diplom-1\target\test-classes;C:\lyubow\Projects\QA-java-diplom-1\target\classes;C:\Users\Любовь\.m2\repository\junit\junit\4.13.2\junit-4.13.2.jar;C:\Users\Любовь\.m2\repository\org\hamcrest\hamcrest-core\1.3\hamcrest-core-1.3.jar;C:\Users\Любовь\.m2\repository\org\mockito\mockito-core\5.4.0\mockito-core-5.4.0.jar;C:\Users\Любовь\.m2\repository\net\bytebuddy\byte-buddy\1.14.5\byte-buddy-1.14.5.jar;C:\Users\Любовь\.m2\repository\net\bytebuddy\byte-buddy-agent\1.14.5\byte-buddy-agent-1.14.5.jar;C:\Users\Любовь\.m2\repository\org\objenesis\objenesis\3.3\objenesis-3.3.jar;C:\Users\Любовь\.m2\repository\pl\pragmatists\JUnitParams\1.1.1\JUnitParams-1.1.1.jar;C:\Users\Любовь\.m2\repository\com\google\code\gson\gson\2.10.1\gson-2.10.1.jar;"/>
    <property name="java.vm.vendor" value="Amazon.com Inc."/>
    <property name="sun.arch.data.model" value="64"/>
    <property name="user.variant" value=""/>
    <property name="java.vendor.url" value="https://aws.amazon.com/corretto/"/>
    <property name="user.timezone" value="Europe/Moscow"/>
    <property name="java.vm.specification.version" value="11"/>
    <property name="os.name" value="Windows 10"/>
    <property name="sun.java.launcher" value="SUN_STANDARD"/>
    <property name="user.country" value="RU"/>
    <property name="sun.boot.library.path" value="C:\Program Files\Amazon Corretto\jdk11.0.24_8\bin"/>
    <property name="sun.java.command" value="C:\Users\Любовь\AppData\Local\Temp\surefire1540728139180453044\surefirebooter-20241125102430989_3.jar C:\Users\Любовь\AppData\Local\Temp\surefire1540728139180453044 2024-11-25T10-24-30_654-jvmRun1 surefire-20241125102430989_1tmp surefire_0-20241125102430989_2tmp"/>
    <property name="jdk.debug" value="release"/>
    <property name="surefire.test.class.path" value="C:\lyubow\Projects\QA-java-diplom-1\target\test-classes;C:\lyubow\Projects\QA-java-diplom-1\target\classes;C:\Users\Любовь\.m2\repository\junit\junit\4.13.2\junit-4.13.2.jar;C:\Users\Любовь\.m2\repository\org\hamcrest\hamcrest-core\1.3\hamcrest-core-1.3.jar;C:\Users\Любовь\.m2\repository\org\mockito\mockito-core\5.4.0\mockito-core-5.4.0.jar;C:\Users\Любовь\.m2\repository\net\bytebuddy\byte-buddy\1.14.5\byte-buddy-1.14.5.jar;C:\Users\Любовь\.m2\repository\net\bytebuddy\byte-buddy-agent\1.14.5\byte-buddy-agent-1.14.5.jar;C:\Users\Любовь\.m2\repository\org\objenesis\objenesis\3.3\objenesis-3.3.jar;C:\Users\Любовь\.m2\repository\pl\pragmatists\JUnitParams\1.1.1\JUnitParams-1.1.1.jar;C:\Users\Любовь\.m2\repository\com\google\code\gson\gson\2.10.1\gson-2.10.1.jar;"/>
    <property name="sun.cpu.endian" value="little"/>
    <property name="user.home" value="C:\Users\Любовь"/>
    <property name="user.language" value="ru"/>
    <property name="java.specification.vendor" value="Oracle Corporation"/>
    <property name="java.version.date" value="2024-07-16"/>
    <property name="java.home" value="C:\Program Files\Amazon Corretto\jdk11.0.24_8"/>
    <property name="file.separator" value="\"/>
    <property name="basedir" value="C:\lyubow\Projects\QA-java-diplom-1"/>
    <property name="java.vm.compressedOopsMode" value="Zero based"/>
    <property name="line.separator" value="&#10;"/>
    <property name="java.specification.name" value="Java Platform API Specification"/>
    <property name="java.vm.specification.vendor" value="Oracle Corporation"/>
    <property name="java.awt.graphicsenv" value="sun.awt.Win32GraphicsEnvironment"/>
    <property name="surefire.real.class.path" value="C:\Users\Любовь\AppData\Local\Temp\surefire1540728139180453044\surefirebooter-20241125102430989_3.jar"/>
    <property name="user.script" value=""/>
    <property name="sun.management.compiler" value="HotSpot 64-Bit Tiered Compilers"/>
    <property name="java.runtime.version" value="11.0.24+8-LTS"/>
    <property name="user.name" value="Любовь"/>
    <property name="path.separator" value=";"/>
    <property name="os.version" value="10.0"/>
    <property name="java.runtime.name" value="OpenJDK Runtime Environment"/>
    <property name="file.encoding" value="Cp1251"/>
    <property name="java.vm.name" value="OpenJDK 64-Bit Server VM"/>
    <property name="java.vendor.version" value="Corretto-11.0.24.8.1"/>
    <property name="localRepository" value="C:\Users\Любовь\.m2\repository"/>
    <property name="java.vendor.url.bug" value="https://github.com/corretto/corretto-11/issues/"/>
    <property name="java.io.tmpdir" value="C:\Users\E151~1\AppData\Local\Temp\"/>
    <property name="java.version" value="11.0.24"/>
    <property name="user.dir" value="C:\lyubow\Projects\QA-java-diplom-1"/>
    <property name="os.arch" value="amd64"/>
    <property name="java.vm.specification.name" value="Java Virtual Machine Specification"/>
    <property name="java.awt.printerjob" value="sun.awt.windows.WPrinterJob"/>
    <property name="sun.os.patch.level" value=""/>
    <property name="java.library.path" value="C:\Program Files\Amazon Corretto\jdk11.0.24_8\bin;C:\Windows\Sun\Java\bin;C:\Windows\system32;C:\Windows;C:\Program Files\Amazon Corretto\jdk11.0.24_8\bin;C:\Windows\system32;C:\Windows;C:\Windows\System32\Wbem;C:\Windows\System32\WindowsPowerShell\v1.0\;C:\Windows\System32\OpenSSH\;C:\Program Files\Microsoft SQL Server\120\Tools\Binn\;C:\Program Files\Microsoft SQL Server\Client SDK\ODBC\110\Tools\Binn\;C:\Program Files (x86)\Microsoft SQL Server\120\Tools\Binn\;C:\Program Files\Microsoft SQL Server\120\DTS\Binn\;C:\Program Files\apache-maven-3.9.9\bin;C:\Program Files\Git\cmd;C:\Program Files\Git\mingw64\bin;C:\Program Files\Git\usr\bin;C:\lyubow\Projects\WebDriver\bin;C:\lyubow\allure-commandline-2.9.0\allure-2.9.0\bin;C:\Program Files\Docker\Docker\resources\bin;C:\Users\Любовь\AppData\Local\Programs\Fiddler;;."/>
    <property name="java.vm.info" value="mixed mode"/>
    <property name="java.vendor" value="Amazon.com Inc."/>
    <property name="java.vm.version" value="11.0.24+8-LTS"/>
    <property name="java.specification.maintenance.version" value="2"/>
    <property name="sun.io.unicode.encoding" value="UnicodeLittle"/>
    <property name="java.class.version" value="55.0"/>
  </properties>
  <testcase name="testGetPrice" classname="praktikum.BurgerTest" time="1.938">
    <system-out><![CDATA[Current Receipt:
(==== Test Bun ====)
= sauce Ingredient 1 =
= filling Ingredient 2 =
(==== Test Bun ====)

Price: 325,000000

]]></system-out>
  </testcase>
  <testcase name="testRemoveIngredient" classname="praktikum.BurgerTest" time="0.005">
    <system-out><![CDATA[Current Receipt:
(==== Test Bun ====)
= filling Ingredient 2 =
(==== Test Bun ====)

Price: 275,000000

]]></system-out>
  </testcase>
  <testcase name="testMoveIngredient" classname="praktikum.BurgerTest" time="0.007">
    <system-out><![CDATA[Current Receipt:
(==== Test Bun ====)
= filling Ingredient 2 =
= sauce Ingredient 1 =
(==== Test Bun ====)

Price: 325,000000

]]></system-out>
  </testcase>
  <testcase name="testGetReceipt" classname="praktikum.BurgerTest" time="0.01">
    <system-out><![CDATA[Receipt:
(==== Test Bun ====)
= sauce Ingredient 1 =
= filling Ingredient 2 =
(==== Test Bun ====)

Price: 325,000000

Current Receipt:
(==== Test Bun ====)
= sauce Ingredient 1 =
= filling Ingredient 2 =
(==== Test Bun ====)

Price: 325,000000

]]></system-out>
  </testcase>
  <testcase name="testSetBuns" classname="praktikum.BurgerTest" time="0.006">
    <system-out><![CDATA[Current Receipt:
(==== Test Bun ====)
(==== Test Bun ====)

Price: 200,000000

]]></system-out>
  </testcase>
  <testcase name="testAddIngredient" classname="praktikum.BurgerTest" time="0.005">
    <system-out><![CDATA[Current Receipt:
(==== Test Bun ====)
= sauce Ingredient 1 =
(==== Test Bun ====)

Price: 250,000000

]]></system-out>
  </testcase>
</testsuite>