<?xml version="1.0" encoding="UTF-8"?>
<testsuite xmlns:xsi="http://www.w3.org/2001/XMLSchema-instance" xsi:noNamespaceSchemaLocation="https://maven.apache.org/surefire/maven-surefire-plugin/xsd/surefire-test-report-3.0.xsd" version="3.0" name="praktikum.IngredientTest" time="0.007" tests="30" errors="0" skipped="0" failures="0">
  <properties>
    <property name="sun.desktop" value="windows"/>
    <property name="awt.toolkit" value="sun.awt.windows.WToolkit"/>
    <property name="java.specification.version" value="11"/>
    <property name="sun.cpu.isalist" value="amd64"/>
    <property name="sun.jnu.encoding" value="Cp1251"/>
    <property name="java.class.path" value="C:\Users\user\Diplom\QA-java-diplom-1\target\test-classes;C:\Users\user\Diplom\QA-java-diplom-1\target\classes;C:\Users\user\.m2\repository\junit\junit\4.13.2\junit-4.13.2.jar;C:\Users\user\.m2\repository\org\hamcrest\hamcrest-core\1.3\hamcrest-core-1.3.jar;C:\Users\user\.m2\repository\org\mockito\mockito-core\3.12.4\mockito-core-3.12.4.jar;C:\Users\user\.m2\repository\net\bytebuddy\byte-buddy-agent\1.11.13\byte-buddy-agent-1.11.13.jar;C:\Users\user\.m2\repository\org\objenesis\objenesis\3.2\objenesis-3.2.jar;C:\Users\user\.m2\repository\net\bytebuddy\byte-buddy\1.15.11\byte-buddy-1.15.11.jar;"/>
    <property name="java.vm.vendor" value="Amazon.com Inc."/>
    <property name="sun.arch.data.model" value="64"/>
    <property name="user.variant" value=""/>
    <property name="java.vendor.url" value="https://aws.amazon.com/corretto/"/>
    <property name="user.timezone" value="Europe/Moscow"/>
    <property name="java.vm.specification.version" value="11"/>
    <property name="os.name" value="Windows 11"/>
    <property name="sun.java.launcher" value="SUN_STANDARD"/>
    <property name="user.country" value="RU"/>
    <property name="sun.boot.library.path" value="C:\Program Files\Amazon Corretto\jdk11.0.25_9\bin"/>
    <property name="sun.java.command" value="C:\Users\user\AppData\Local\Temp\surefire15655245558233697169\surefirebooter-20250415224902380_3.jar C:\Users\user\AppData\Local\Temp\surefire15655245558233697169 2025-04-15T22-49-02_118-jvmRun1 surefire-20250415224902380_1tmp surefire_0-20250415224902380_2tmp"/>
    <property name="jdk.debug" value="release"/>
    <property name="surefire.test.class.path" value="C:\Users\user\Diplom\QA-java-diplom-1\target\test-classes;C:\Users\user\Diplom\QA-java-diplom-1\target\classes;C:\Users\user\.m2\repository\junit\junit\4.13.2\junit-4.13.2.jar;C:\Users\user\.m2\repository\org\hamcrest\hamcrest-core\1.3\hamcrest-core-1.3.jar;C:\Users\user\.m2\repository\org\mockito\mockito-core\3.12.4\mockito-core-3.12.4.jar;C:\Users\user\.m2\repository\net\bytebuddy\byte-buddy-agent\1.11.13\byte-buddy-agent-1.11.13.jar;C:\Users\user\.m2\repository\org\objenesis\objenesis\3.2\objenesis-3.2.jar;C:\Users\user\.m2\repository\net\bytebuddy\byte-buddy\1.15.11\byte-buddy-1.15.11.jar;"/>
    <property name="sun.cpu.endian" value="little"/>
    <property name="user.home" value="C:\Users\user"/>
    <property name="user.language" value="ru"/>
    <property name="java.specification.vendor" value="Oracle Corporation"/>
    <property name="java.version.date" value="2024-10-15"/>
    <property name="java.home" value="C:\Program Files\Amazon Corretto\jdk11.0.25_9"/>
    <property name="file.separator" value="\"/>
    <property name="basedir" value="C:\Users\user\Diplom\QA-java-diplom-1"/>
    <property name="java.vm.compressedOopsMode" value="Zero based"/>
    <property name="line.separator" value="&#10;"/>
    <property name="java.specification.name" value="Java Platform API Specification"/>
    <property name="java.vm.specification.vendor" value="Oracle Corporation"/>
    <property name="java.awt.graphicsenv" value="sun.awt.Win32GraphicsEnvironment"/>
    <property name="surefire.real.class.path" value="C:\Users\user\AppData\Local\Temp\surefire15655245558233697169\surefirebooter-20250415224902380_3.jar"/>
    <property name="user.script" value=""/>
    <property name="sun.management.compiler" value="HotSpot 64-Bit Tiered Compilers"/>
    <property name="java.runtime.version" value="11.0.25+9-LTS"/>
    <property name="user.name" value="user"/>
    <property name="path.separator" value=";"/>
    <property name="os.version" value="10.0"/>
    <property name="java.runtime.name" value="OpenJDK Runtime Environment"/>
    <property name="file.encoding" value="Cp1251"/>
    <property name="java.vm.name" value="OpenJDK 64-Bit Server VM"/>
    <property name="java.vendor.version" value="Corretto-11.0.25.9.1"/>
    <property name="localRepository" value="C:\Users\user\.m2\repository"/>
    <property name="java.vendor.url.bug" value="https://github.com/corretto/corretto-11/issues/"/>
    <property name="java.io.tmpdir" value="C:\Users\user\AppData\Local\Temp\"/>
    <property name="java.version" value="11.0.25"/>
    <property name="user.dir" value="C:\Users\user\Diplom\QA-java-diplom-1"/>
    <property name="os.arch" value="amd64"/>
    <property name="java.vm.specification.name" value="Java Virtual Machine Specification"/>
    <property name="java.awt.printerjob" value="sun.awt.windows.WPrinterJob"/>
    <property name="sun.os.patch.level" value=""/>
    <property name="java.library.path" value="C:\Program Files\Amazon Corretto\jdk11.0.25_9\bin;C:\WINDOWS\Sun\Java\bin;C:\WINDOWS\system32;C:\WINDOWS;C:\Program Files\Amazon Corretto\jdk11.0.25_9\bin;C:\WINDOWS\system32;C:\WINDOWS;C:\WINDOWS\System32\Wbem;C:\WINDOWS\System32\WindowsPowerShell\v1.0\;C:\WINDOWS\System32\OpenSSH\;C:\Program Files\NVIDIA Corporation\NVIDIA NvDLISR;C:\Program Files (x86)\NVIDIA Corporation\PhysX\Common;C:\Program Files\apache-maven-3.9.9\bin;C:\Program Files\Git\cmd;C:\Program Files\Git\mingw64\bin;C:\Program Files\Git\usr\bin;C:\Program Files\WebDriver\bin;C:\Program Files\allure-2.33.0\bin;;C:\Program Files\Docker\Docker\resources\bin;C:\Users\user\AppData\Local\Microsoft\WindowsApps;C:\Program Files\JetBrains\PhpStorm 2022.3\bin;;C:\Users\user\AppData\Local\GitHubDesktop\bin;."/>
    <property name="java.vm.info" value="mixed mode"/>
    <property name="java.vendor" value="Amazon.com Inc."/>
    <property name="java.vm.version" value="11.0.25+9-LTS"/>
    <property name="java.specification.maintenance.version" value="3"/>
    <property name="sun.io.unicode.encoding" value="UnicodeLittle"/>
    <property name="java.class.version" value="55.0"/>
  </properties>
  <testcase name="testGetPrice[0]" classname="praktikum.IngredientTest" time="0.0"/>
  <testcase name="testGetName[0]" classname="praktikum.IngredientTest" time="0.0"/>
  <testcase name="testGetType[0]" classname="praktikum.IngredientTest" time="0.0"/>
  <testcase name="testConstructorInitializesFields[0]" classname="praktikum.IngredientTest" time="0.0"/>
  <testcase name="testIngredientNamesAreCorrect[0]" classname="praktikum.IngredientTest" time="0.0"/>
  <testcase name="testGetPrice[1]" classname="praktikum.IngredientTest" time="0.002"/>
  <testcase name="testGetName[1]" classname="praktikum.IngredientTest" time="0.0"/>
  <testcase name="testGetType[1]" classname="praktikum.IngredientTest" time="0.0"/>
  <testcase name="testConstructorInitializesFields[1]" classname="praktikum.IngredientTest" time="0.0"/>
  <testcase name="testIngredientNamesAreCorrect[1]" classname="praktikum.IngredientTest" time="0.0"/>
  <testcase name="testGetPrice[2]" classname="praktikum.IngredientTest" time="0.0"/>
  <testcase name="testGetName[2]" classname="praktikum.IngredientTest" time="0.0"/>
  <testcase name="testGetType[2]" classname="praktikum.IngredientTest" time="0.0"/>
  <testcase name="testConstructorInitializesFields[2]" classname="praktikum.IngredientTest" time="0.0"/>
  <testcase name="testIngredientNamesAreCorrect[2]" classname="praktikum.IngredientTest" time="0.0"/>
  <testcase name="testGetPrice[3]" classname="praktikum.IngredientTest" time="0.001"/>
  <testcase name="testGetName[3]" classname="praktikum.IngredientTest" time="0.0"/>
  <testcase name="testGetType[3]" classname="praktikum.IngredientTest" time="0.0"/>
  <testcase name="testConstructorInitializesFields[3]" classname="praktikum.IngredientTest" time="0.0"/>
  <testcase name="testIngredientNamesAreCorrect[3]" classname="praktikum.IngredientTest" time="0.0"/>
  <testcase name="testGetPrice[4]" classname="praktikum.IngredientTest" time="0.0"/>
  <testcase name="testGetName[4]" classname="praktikum.IngredientTest" time="0.0"/>
  <testcase name="testGetType[4]" classname="praktikum.IngredientTest" time="0.0"/>
  <testcase name="testConstructorInitializesFields[4]" classname="praktikum.IngredientTest" time="0.0"/>
  <testcase name="testIngredientNamesAreCorrect[4]" classname="praktikum.IngredientTest" time="0.0"/>
  <testcase name="testGetPrice[5]" classname="praktikum.IngredientTest" time="0.0"/>
  <testcase name="testGetName[5]" classname="praktikum.IngredientTest" time="0.0"/>
  <testcase name="testGetType[5]" classname="praktikum.IngredientTest" time="0.0"/>
  <testcase name="testConstructorInitializesFields[5]" classname="praktikum.IngredientTest" time="0.0"/>
  <testcase name="testIngredientNamesAreCorrect[5]" classname="praktikum.IngredientTest" time="0.0"/>
</testsuite>