<?xml version="1.0" encoding="UTF-8"?>
<testsuite xmlns:xsi="http://www.w3.org/2001/XMLSchema-instance" xsi:noNamespaceSchemaLocation="https://maven.apache.org/surefire/maven-surefire-plugin/xsd/surefire-test-report.xsd" name="IngredientTests" time="0.007" tests="12" errors="0" skipped="0" failures="0">
  <properties>
    <property name="sun.desktop" value="windows"/>
    <property name="awt.toolkit" value="sun.awt.windows.WToolkit"/>
    <property name="java.specification.version" value="11"/>
    <property name="sun.cpu.isalist" value="amd64"/>
    <property name="sun.jnu.encoding" value="Cp1251"/>
    <property name="java.class.path" value="D:\docs\QA\Diplom\QA-java-diplom-1\target\test-classes;D:\docs\QA\Diplom\QA-java-diplom-1\target\classes;C:\Users\sofaf\.m2\repository\junit\junit\4.13.2\junit-4.13.2.jar;C:\Users\sofaf\.m2\repository\org\hamcrest\hamcrest-core\1.3\hamcrest-core-1.3.jar;C:\Users\sofaf\.m2\repository\org\mockito\mockito-core\3.12.4\mockito-core-3.12.4.jar;C:\Users\sofaf\.m2\repository\net\bytebuddy\byte-buddy\1.11.13\byte-buddy-1.11.13.jar;C:\Users\sofaf\.m2\repository\net\bytebuddy\byte-buddy-agent\1.11.13\byte-buddy-agent-1.11.13.jar;C:\Users\sofaf\.m2\repository\org\objenesis\objenesis\3.2\objenesis-3.2.jar;"/>
    <property name="java.vm.vendor" value="Amazon.com Inc."/>
    <property name="sun.arch.data.model" value="64"/>
    <property name="user.variant" value=""/>
    <property name="java.vendor.url" value="https://aws.amazon.com/corretto/"/>
    <property name="user.timezone" value="Europe/Kaliningrad"/>
    <property name="java.vm.specification.version" value="11"/>
    <property name="os.name" value="Windows 11"/>
    <property name="sun.java.launcher" value="SUN_STANDARD"/>
    <property name="user.country" value="RU"/>
    <property name="sun.boot.library.path" value="C:\Program Files\Amazon Corretto\jdk11.0.26_4\bin"/>
    <property name="sun.java.command" value="C:\Users\sofaf\AppData\Local\Temp\surefire15681002092083455879\surefirebooter14159440475533313973.jar C:\Users\sofaf\AppData\Local\Temp\surefire15681002092083455879 2025-06-15T19-31-03_492-jvmRun1 surefire171166331093586718tmp surefire_09046260074661852422tmp"/>
    <property name="jdk.debug" value="release"/>
    <property name="surefire.test.class.path" value="D:\docs\QA\Diplom\QA-java-diplom-1\target\test-classes;D:\docs\QA\Diplom\QA-java-diplom-1\target\classes;C:\Users\sofaf\.m2\repository\junit\junit\4.13.2\junit-4.13.2.jar;C:\Users\sofaf\.m2\repository\org\hamcrest\hamcrest-core\1.3\hamcrest-core-1.3.jar;C:\Users\sofaf\.m2\repository\org\mockito\mockito-core\3.12.4\mockito-core-3.12.4.jar;C:\Users\sofaf\.m2\repository\net\bytebuddy\byte-buddy\1.11.13\byte-buddy-1.11.13.jar;C:\Users\sofaf\.m2\repository\net\bytebuddy\byte-buddy-agent\1.11.13\byte-buddy-agent-1.11.13.jar;C:\Users\sofaf\.m2\repository\org\objenesis\objenesis\3.2\objenesis-3.2.jar;"/>
    <property name="sun.cpu.endian" value="little"/>
    <property name="user.home" value="C:\Users\sofaf"/>
    <property name="user.language" value="ru"/>
    <property name="java.specification.vendor" value="Oracle Corporation"/>
    <property name="java.version.date" value="2025-01-21"/>
    <property name="java.home" value="C:\Program Files\Amazon Corretto\jdk11.0.26_4"/>
    <property name="file.separator" value="\"/>
    <property name="basedir" value="D:\docs\QA\Diplom\QA-java-diplom-1"/>
    <property name="java.vm.compressedOopsMode" value="32-bit"/>
    <property name="line.separator" value="&#10;"/>
    <property name="java.specification.name" value="Java Platform API Specification"/>
    <property name="java.vm.specification.vendor" value="Oracle Corporation"/>
    <property name="java.awt.graphicsenv" value="sun.awt.Win32GraphicsEnvironment"/>
    <property name="surefire.real.class.path" value="C:\Users\sofaf\AppData\Local\Temp\surefire15681002092083455879\surefirebooter14159440475533313973.jar"/>
    <property name="user.script" value=""/>
    <property name="sun.management.compiler" value="HotSpot 64-Bit Tiered Compilers"/>
    <property name="java.runtime.version" value="11.0.26+4-LTS"/>
    <property name="user.name" value="sofaf"/>
    <property name="path.separator" value=";"/>
    <property name="os.version" value="10.0"/>
    <property name="java.runtime.name" value="OpenJDK Runtime Environment"/>
    <property name="file.encoding" value="Cp1251"/>
    <property name="java.vm.name" value="OpenJDK 64-Bit Server VM"/>
    <property name="java.vendor.version" value="Corretto-11.0.26.4.1"/>
    <property name="localRepository" value="C:\Users\sofaf\.m2\repository"/>
    <property name="java.vendor.url.bug" value="https://github.com/corretto/corretto-11/issues/"/>
    <property name="java.io.tmpdir" value="C:\Users\sofaf\AppData\Local\Temp\"/>
    <property name="java.version" value="11.0.26"/>
    <property name="user.dir" value="D:\docs\QA\Diplom\QA-java-diplom-1"/>
    <property name="os.arch" value="amd64"/>
    <property name="java.vm.specification.name" value="Java Virtual Machine Specification"/>
    <property name="java.awt.printerjob" value="sun.awt.windows.WPrinterJob"/>
    <property name="sun.os.patch.level" value=""/>
    <property name="java.library.path" value="C:\Program Files\Amazon Corretto\jdk11.0.26_4\bin;C:\WINDOWS\Sun\Java\bin;C:\WINDOWS\system32;C:\WINDOWS;C:\Program Files\Amazon Corretto\jdk11.0.26_4\bin;C:\Users\sofaf\AppData\Local\Programs\Python\Python39\Scripts\;C:\Windows\system32;C:\Windows;C:\Windows\System32\Wbem;C:\Windows\System32\WindowsPowerShell\v1.0\;C:\Windows\System32\OpenSSH\;C:\Program Files (x86)\NVIDIA Corporation\PhysX\Common;C:\Program Files\NVIDIA Corporation\NVIDIA NvDLISR;C:\WINDOWS\system32;C:\WINDOWS;C:\WINDOWS\System32\Wbem;C:\WINDOWS\System32\WindowsPowerShell\v1.0\;C:\WINDOWS\System32\OpenSSH\;C:\Program Files\Amazon Corretto\jdk11.0.26_4\bin;C:\Program Files\apache-maven-3.8.6\bin;D:\AQA\apache-maven-3.9.6-bin\apache-maven-3.9.6\bin;C:\Program Files\PuTTY\;C:\Program Files\Amazon Corretto\apache-maven-3.9.8\bin;C:\Program Files\Git\cmd;C:\Program Files\Git\mingw64\bin;C:\Program Files\Git\usr\bin;C:\Program Files\allure-2.9.0\bin;C:\DRIVERS\WebDriver\bin;C:\chromedriver;C:\Users\sofaf\AppData\Local\Programs\Python\Python39\Scripts\;C:\Users\sofaf\AppData\Local\Programs\Python\Python39\;C:\Users\sofaf\AppData\Local\Microsoft\WindowsApps;C:\Users\sofaf\AppData\Local\Programs\Fiddler;C:\Program Files\JetBrains\PyCharm 2022.3\bin;;C:\Users\sofaf\AppData\Local\Microsoft\WindowsApps;C:\Program Files\JetBrains\IntelliJ IDEA Community Edition 2024.1.4\bin;;C:\Program Files\apache-maven-3.8.6\bin;C:\Program Files\JetBrains\PyCharm Community Edition 2022.3.2\bin;;C:\Program Files\apache-maven-3.9.9\bin;C:\DRIVERS\WebDriver\bin;C:\chromedriver;;."/>
    <property name="java.vm.info" value="mixed mode"/>
    <property name="java.vendor" value="Amazon.com Inc."/>
    <property name="java.vm.version" value="11.0.26+4-LTS"/>
    <property name="java.specification.maintenance.version" value="3"/>
    <property name="sun.io.unicode.encoding" value="UnicodeLittle"/>
    <property name="java.class.version" value="55.0"/>
  </properties>
  <testcase name="getName_shouldReturnCorrectName[Type: SAUCE, Name: Chili Sauce, Price: 80]" classname="IngredientTests" time="0"/>
  <testcase name="getType_shouldReturnCorrectType[Type: SAUCE, Name: Chili Sauce, Price: 80]" classname="IngredientTests" time="0"/>
  <testcase name="getPrice_shouldReturnCorrectPrice[Type: SAUCE, Name: Chili Sauce, Price: 80]" classname="IngredientTests" time="0"/>
  <testcase name="getName_shouldReturnCorrectName[Type: FILLING, Name: Beef Patty, Price: 195]" classname="IngredientTests" time="0"/>
  <testcase name="getType_shouldReturnCorrectType[Type: FILLING, Name: Beef Patty, Price: 195]" classname="IngredientTests" time="0"/>
  <testcase name="getPrice_shouldReturnCorrectPrice[Type: FILLING, Name: Beef Patty, Price: 195]" classname="IngredientTests" time="0"/>
  <testcase name="getName_shouldReturnCorrectName[Type: SAUCE, Name: Mayonnaise, Price: 0]" classname="IngredientTests" time="0"/>
  <testcase name="getType_shouldReturnCorrectType[Type: SAUCE, Name: Mayonnaise, Price: 0]" classname="IngredientTests" time="0"/>
  <testcase name="getPrice_shouldReturnCorrectPrice[Type: SAUCE, Name: Mayonnaise, Price: 0]" classname="IngredientTests" time="0"/>
  <testcase name="getName_shouldReturnCorrectName[Type: FILLING, Name: , Price: 50]" classname="IngredientTests" time="0"/>
  <testcase name="getType_shouldReturnCorrectType[Type: FILLING, Name: , Price: 50]" classname="IngredientTests" time="0.001"/>
  <testcase name="getPrice_shouldReturnCorrectPrice[Type: FILLING, Name: , Price: 50]" classname="IngredientTests" time="0.001"/>
</testsuite>