<?xml version="1.0" encoding="UTF-8"?>
<testsuite xmlns:xsi="http://www.w3.org/2001/XMLSchema-instance" xsi:noNamespaceSchemaLocation="https://maven.apache.org/surefire/maven-surefire-plugin/xsd/surefire-test-report.xsd" name="praktikum.BunTest" time="0.001" tests="24" errors="0" skipped="0" failures="0">
  <properties>
    <property name="java.specification.version" value="22"/>
    <property name="sun.jnu.encoding" value="UTF-8"/>
    <property name="java.class.path" value="/Users/annaurasova/Desktop/Diplom/QA-java-diplom-1/target/test-classes:/Users/annaurasova/Desktop/Diplom/QA-java-diplom-1/target/classes:/Users/annaurasova/.m2/repository/junit/junit/4.13.2/junit-4.13.2.jar:/Users/annaurasova/.m2/repository/org/hamcrest/hamcrest-core/1.3/hamcrest-core-1.3.jar:/Users/annaurasova/.m2/repository/org/mockito/mockito-core/3.12.4/mockito-core-3.12.4.jar:/Users/annaurasova/.m2/repository/net/bytebuddy/byte-buddy/1.11.13/byte-buddy-1.11.13.jar:/Users/annaurasova/.m2/repository/net/bytebuddy/byte-buddy-agent/1.11.13/byte-buddy-agent-1.11.13.jar:/Users/annaurasova/.m2/repository/org/objenesis/objenesis/3.2/objenesis-3.2.jar:/Users/annaurasova/.m2/repository/org/hamcrest/hamcrest/2.2/hamcrest-2.2.jar:"/>
    <property name="java.vm.vendor" value="Oracle Corporation"/>
    <property name="sun.arch.data.model" value="64"/>
    <property name="java.vendor.url" value="https://java.oracle.com/"/>
    <property name="os.name" value="Mac OS X"/>
    <property name="java.vm.specification.version" value="22"/>
    <property name="sun.java.launcher" value="SUN_STANDARD"/>
    <property name="user.country" value="BY"/>
    <property name="sun.boot.library.path" value="/Library/Java/JavaVirtualMachines/jdk-22.jdk/Contents/Home/lib"/>
    <property name="sun.java.command" value="/Users/annaurasova/Desktop/Diplom/QA-java-diplom-1/target/surefire/surefirebooter3072111964955873130.jar /Users/annaurasova/Desktop/Diplom/QA-java-diplom-1/target/surefire 2024-11-28T19-26-35_767-jvmRun1 surefire9387349163950210120tmp surefire_01151272393398212548tmp"/>
    <property name="http.nonProxyHosts" value="local|*.local|169.254/16|*.169.254/16"/>
    <property name="jdk.debug" value="release"/>
    <property name="surefire.test.class.path" value="/Users/annaurasova/Desktop/Diplom/QA-java-diplom-1/target/test-classes:/Users/annaurasova/Desktop/Diplom/QA-java-diplom-1/target/classes:/Users/annaurasova/.m2/repository/junit/junit/4.13.2/junit-4.13.2.jar:/Users/annaurasova/.m2/repository/org/hamcrest/hamcrest-core/1.3/hamcrest-core-1.3.jar:/Users/annaurasova/.m2/repository/org/mockito/mockito-core/3.12.4/mockito-core-3.12.4.jar:/Users/annaurasova/.m2/repository/net/bytebuddy/byte-buddy/1.11.13/byte-buddy-1.11.13.jar:/Users/annaurasova/.m2/repository/net/bytebuddy/byte-buddy-agent/1.11.13/byte-buddy-agent-1.11.13.jar:/Users/annaurasova/.m2/repository/org/objenesis/objenesis/3.2/objenesis-3.2.jar:/Users/annaurasova/.m2/repository/org/hamcrest/hamcrest/2.2/hamcrest-2.2.jar:"/>
    <property name="sun.cpu.endian" value="little"/>
    <property name="user.home" value="/Users/annaurasova"/>
    <property name="user.language" value="ru"/>
    <property name="java.specification.vendor" value="Oracle Corporation"/>
    <property name="java.version.date" value="2024-07-16"/>
    <property name="java.home" value="/Library/Java/JavaVirtualMachines/jdk-22.jdk/Contents/Home"/>
    <property name="file.separator" value="/"/>
    <property name="basedir" value="/Users/annaurasova/Desktop/Diplom/QA-java-diplom-1"/>
    <property name="java.vm.compressedOopsMode" value="Zero based"/>
    <property name="line.separator" value="&#10;"/>
    <property name="java.vm.specification.vendor" value="Oracle Corporation"/>
    <property name="java.specification.name" value="Java Platform API Specification"/>
    <property name="apple.awt.application.name" value="ForkedBooter"/>
    <property name="surefire.real.class.path" value="/Users/annaurasova/Desktop/Diplom/QA-java-diplom-1/target/surefire/surefirebooter3072111964955873130.jar"/>
    <property name="sun.management.compiler" value="HotSpot 64-Bit Tiered Compilers"/>
    <property name="ftp.nonProxyHosts" value="local|*.local|169.254/16|*.169.254/16"/>
    <property name="java.runtime.version" value="22.0.2+9-70"/>
    <property name="user.name" value="annaurasova"/>
    <property name="stdout.encoding" value="UTF-8"/>
    <property name="path.separator" value=":"/>
    <property name="os.version" value="13.6.3"/>
    <property name="java.runtime.name" value="Java(TM) SE Runtime Environment"/>
    <property name="file.encoding" value="UTF-8"/>
    <property name="java.vm.name" value="Java HotSpot(TM) 64-Bit Server VM"/>
    <property name="localRepository" value="/Users/annaurasova/.m2/repository"/>
    <property name="java.vendor.url.bug" value="https://bugreport.java.com/bugreport/"/>
    <property name="java.io.tmpdir" value="/var/folders/3k/gwksh9ss2r549tr92ghvmr1r0000gn/T/"/>
    <property name="java.version" value="22.0.2"/>
    <property name="user.dir" value="/Users/annaurasova/Desktop/Diplom/QA-java-diplom-1"/>
    <property name="os.arch" value="aarch64"/>
    <property name="java.vm.specification.name" value="Java Virtual Machine Specification"/>
    <property name="native.encoding" value="UTF-8"/>
    <property name="java.library.path" value="/Users/annaurasova/Library/Java/Extensions:/Library/Java/Extensions:/Network/Library/Java/Extensions:/System/Library/Java/Extensions:/usr/lib/java:."/>
    <property name="java.vm.info" value="mixed mode, sharing"/>
    <property name="stderr.encoding" value="UTF-8"/>
    <property name="java.vendor" value="Oracle Corporation"/>
    <property name="java.vm.version" value="22.0.2+9-70"/>
    <property name="sun.io.unicode.encoding" value="UnicodeBig"/>
    <property name="socksNonProxyHosts" value="local|*.local|169.254/16|*.169.254/16"/>
    <property name="java.class.version" value="66.0"/>
  </properties>
  <testcase name="testGetPrice[0]" classname="praktikum.BunTest" time="0"/>
  <testcase name="testGetName[0]" classname="praktikum.BunTest" time="0"/>
  <testcase name="testGetPrice[1]" classname="praktikum.BunTest" time="0"/>
  <testcase name="testGetName[1]" classname="praktikum.BunTest" time="0"/>
  <testcase name="testGetPrice[2]" classname="praktikum.BunTest" time="0"/>
  <testcase name="testGetName[2]" classname="praktikum.BunTest" time="0"/>
  <testcase name="testGetPrice[3]" classname="praktikum.BunTest" time="0"/>
  <testcase name="testGetName[3]" classname="praktikum.BunTest" time="0"/>
  <testcase name="testGetPrice[4]" classname="praktikum.BunTest" time="0"/>
  <testcase name="testGetName[4]" classname="praktikum.BunTest" time="0"/>
  <testcase name="testGetPrice[5]" classname="praktikum.BunTest" time="0"/>
  <testcase name="testGetName[5]" classname="praktikum.BunTest" time="0"/>
  <testcase name="testGetPrice[6]" classname="praktikum.BunTest" time="0"/>
  <testcase name="testGetName[6]" classname="praktikum.BunTest" time="0"/>
  <testcase name="testGetPrice[7]" classname="praktikum.BunTest" time="0"/>
  <testcase name="testGetName[7]" classname="praktikum.BunTest" time="0"/>
  <testcase name="testGetPrice[8]" classname="praktikum.BunTest" time="0"/>
  <testcase name="testGetName[8]" classname="praktikum.BunTest" time="0"/>
  <testcase name="testGetPrice[9]" classname="praktikum.BunTest" time="0"/>
  <testcase name="testGetName[9]" classname="praktikum.BunTest" time="0"/>
  <testcase name="testGetPrice[10]" classname="praktikum.BunTest" time="0"/>
  <testcase name="testGetName[10]" classname="praktikum.BunTest" time="0"/>
  <testcase name="testGetPrice[11]" classname="praktikum.BunTest" time="0"/>
  <testcase name="testGetName[11]" classname="praktikum.BunTest" time="0"/>
</testsuite>