<?xml version="1.0" encoding="UTF-8" ?>
<testsuite tests="18" failures="0" name="BunParametrizedTest" time="0.026" errors="0" skipped="0">
  <properties>
    <property name="idea.version" value="2023.1.1"/>
    <property name="java.runtime.name" value="OpenJDK Runtime Environment"/>
    <property name="java.vm.version" value="11.0.19+7-LTS"/>
    <property name="sun.boot.library.path" value="C:\Program Files\Amazon Corretto\jdk11.0.19_7\bin"/>
    <property name="maven.multiModuleProjectDirectory" value="C:\Users\mozar\Diplom\QA-java-diplom-1"/>
    <property name="java.vm.vendor" value="Amazon.com Inc."/>
    <property name="java.vendor.url" value="https://aws.amazon.com/corretto/"/>
    <property name="guice.disable.misplaced.annotation.check" value="true"/>
    <property name="path.separator" value=";"/>
    <property name="java.vm.name" value="OpenJDK 64-Bit Server VM"/>
    <property name="sun.os.patch.level" value=""/>
    <property name="user.script" value=""/>
    <property name="user.country" value="RU"/>
    <property name="sun.java.launcher" value="SUN_STANDARD"/>
    <property name="java.vm.specification.name" value="Java Virtual Machine Specification"/>
    <property name="user.dir" value="C:\Users\mozar\Diplom\QA-java-diplom-1"/>
    <property name="java.vm.compressedOopsMode" value="Zero based"/>
    <property name="java.runtime.version" value="11.0.19+7-LTS"/>
    <property name="java.awt.graphicsenv" value="sun.awt.Win32GraphicsEnvironment"/>
    <property name="os.arch" value="amd64"/>
    <property name="java.io.tmpdir" value="C:\Users\mozar\AppData\Local\Temp\"/>
    <property name="line.separator" value="
"/>
    <property name="java.vm.specification.vendor" value="Oracle Corporation"/>
    <property name="user.variant" value=""/>
    <property name="os.name" value="Windows 10"/>
    <property name="maven.ext.class.path" value="C:\Program Files\JetBrains\IntelliJ IDEA Community Edition 2023.1.1\plugins\maven\lib\maven-event-listener.jar"/>
    <property name="classworlds.conf" value="C:\Program Files\JetBrains\IntelliJ IDEA Community Edition 2023.1.1\plugins\maven\lib\maven3\bin\m2.conf"/>
    <property name="sun.jnu.encoding" value="Cp1251"/>
    <property name="java.library.path" value="C:\Program Files\Amazon Corretto\jdk11.0.19_7\bin;C:\WINDOWS\Sun\Java\bin;C:\WINDOWS\system32;C:\WINDOWS;C:\Program Files\Amazon Corretto\jdk11.0.19_7\bin;C:\windows\system32;C:\windows;C:\windows\System32\Wbem;C:\windows\System32\WindowsPowerShell\v1.0\;C:\windows\System32\OpenSSH\;C:\WINDOWS\system32;C:\WINDOWS;C:\WINDOWS\System32\Wbem;C:\WINDOWS\System32\WindowsPowerShell\v1.0\;C:\WINDOWS\System32\OpenSSH\;C:\Program Files\WireGuard\;C:\Program Files (x86)\NVIDIA Corporation\PhysX\Common;C:\Program Files\NVIDIA Corporation\NVIDIA NvDLISR;C:\ProgramData\chocolatey\bin;C:\Program Files\Git\cmd;C:\Program Files\Maven\apache-maven-3.9.2-bin\apache-maven-3.9.2\bin;C:\Users\mozar\Desktop\allure-commandline-2.22.4\allure-2.22.4\bin;;C:\Program Files\Docker\Docker\resources\bin;C:\Program Files\Amazon Corretto\jdk11.0.19_7\bin;C:\windows\system32;C:\windows;C:\windows\System32\Wbem;C:\windows\System32\WindowsPowerShell\v1.0\;C:\windows\System32\OpenSSH\;C:\WINDOWS\system32;C:\WINDOWS;C:\WINDOWS\System32\Wbem;C:\WINDOWS\System32\WindowsPowerShell\v1.0\;C:\WINDOWS\System32\OpenSSH\;C:\Program Files\WireGuard\;C:\Program Files (x86)\NVIDIA Corporation\PhysX\Common;C:\Program Files\NVIDIA Corporation\NVIDIA NvDLISR;C:\ProgramData\chocolatey\bin;C:\Program Files\Git\cmd;C:\Program Files\Maven\apache-maven-3.9.2-bin\apache-maven-3.9.2\bin;C:\Users\mozar\Desktop\allure-commandline-2.22.4\allure-2.22.4\bin;;C:\Program Files\Docker\Docker\resources\bin;C:\WebDriver\bin;."/>
    <property name="jansi.passthrough" value="true"/>
    <property name="maven.conf" value="C:\Program Files\JetBrains\IntelliJ IDEA Community Edition 2023.1.1\plugins\maven\lib\maven3/conf"/>
    <property name="jdk.debug" value="release"/>
    <property name="java.class.version" value="55.0"/>
    <property name="java.specification.name" value="Java Platform API Specification"/>
    <property name="sun.management.compiler" value="HotSpot 64-Bit Tiered Compilers"/>
    <property name="os.version" value="10.0"/>
    <property name="user.home" value="C:\Users\mozar"/>
    <property name="user.timezone" value="Europe/Moscow"/>
    <property name="java.awt.printerjob" value="sun.awt.windows.WPrinterJob"/>
    <property name="file.encoding" value="UTF-8"/>
    <property name="java.specification.version" value="11"/>
    <property name="user.name" value="mozar"/>
    <property name="java.class.path" value="C:\Program Files\JetBrains\IntelliJ IDEA Community Edition 2023.1.1\plugins\maven\lib\maven3\boot\plexus-classworlds-2.6.0.jar;C:\Program Files\JetBrains\IntelliJ IDEA Community Edition 2023.1.1\plugins\maven\lib\maven3\boot\plexus-classworlds.license"/>
    <property name="java.vm.specification.version" value="11"/>
    <property name="sun.arch.data.model" value="64"/>
    <property name="sun.java.command" value="org.codehaus.classworlds.Launcher -Didea.version=2023.1.1 verify"/>
    <property name="java.home" value="C:\Program Files\Amazon Corretto\jdk11.0.19_7"/>
    <property name="user.language" value="ru"/>
    <property name="java.specification.vendor" value="Oracle Corporation"/>
    <property name="awt.toolkit" value="sun.awt.windows.WToolkit"/>
    <property name="java.vm.info" value="mixed mode"/>
    <property name="java.version" value="11.0.19"/>
    <property name="java.vendor" value="Amazon.com Inc."/>
    <property name="maven.home" value="C:\Program Files\JetBrains\IntelliJ IDEA Community Edition 2023.1.1\plugins\maven\lib\maven3"/>
    <property name="file.separator" value="\"/>
    <property name="java.version.date" value="2023-04-18"/>
    <property name="java.vendor.url.bug" value="https://github.com/corretto/corretto-11/issues/"/>
    <property name="sun.io.unicode.encoding" value="UnicodeLittle"/>
    <property name="sun.cpu.endian" value="little"/>
    <property name="java.vendor.version" value="Corretto-11.0.19.7.1"/>
    <property name="sun.desktop" value="windows"/>
    <property name="sun.cpu.isalist" value="amd64"/>
  </properties>
  <testcase classname="BunParametrizedTest" name="checkPriceWithValidData[Тестовые данные: Булка 1]" time="0.016"/>
  <testcase classname="BunParametrizedTest" name="checkNameWithValidData[Тестовые данные: Булка 1]" time="0"/>
  <testcase classname="BunParametrizedTest" name="checkPriceWithValidData[Тестовые данные: Булка без ничего 0]" time="0.001"/>
  <testcase classname="BunParametrizedTest" name="checkNameWithValidData[Тестовые данные: Булка без ничего 0]" time="0"/>
  <testcase classname="BunParametrizedTest" name="checkPriceWithValidData[Тестовые данные:   100]" time="0"/>
  <testcase classname="BunParametrizedTest" name="checkNameWithValidData[Тестовые данные:   100]" time="0.001"/>
  <testcase classname="BunParametrizedTest" name="checkPriceWithValidData[Тестовые данные:  0]" time="0.001"/>
  <testcase classname="BunParametrizedTest" name="checkNameWithValidData[Тестовые данные:  0]" time="0.001"/>
  <testcase classname="BunParametrizedTest" name="checkPriceWithValidData[Тестовые данные: null 0]" time="0"/>
  <testcase classname="BunParametrizedTest" name="checkNameWithValidData[Тестовые данные: null 0]" time="0.001"/>
  <testcase classname="BunParametrizedTest" name="checkPriceWithValidData[Тестовые данные: Пирожок с мясом -1]" time="0.001"/>
  <testcase classname="BunParametrizedTest" name="checkNameWithValidData[Тестовые данные: Пирожок с мясом -1]" time="0"/>
  <testcase classname="BunParametrizedTest" name="checkPriceWithValidData[Тестовые данные: Просто проведём тест на самую длинное название булки в мире 340 282 346 638 528 860 000 000 000 000 000 000 000]" time="0"/>
  <testcase classname="BunParametrizedTest" name="checkNameWithValidData[Тестовые данные: Просто проведём тест на самую длинное название булки в мире 340 282 346 638 528 860 000 000 000 000 000 000 000]" time="0.001"/>
  <testcase classname="BunParametrizedTest" name="checkPriceWithValidData[Тестовые данные: 434789 40,123]" time="0"/>
  <testcase classname="BunParametrizedTest" name="checkNameWithValidData[Тестовые данные: 434789 40,123]" time="0.002"/>
  <testcase classname="BunParametrizedTest" name="checkPriceWithValidData[Тестовые данные: ^&amp;*()!@#$% 0]" time="0.001"/>
  <testcase classname="BunParametrizedTest" name="checkNameWithValidData[Тестовые данные: ^&amp;*()!@#$% 0]" time="0"/>
</testsuite>