<?xml version="1.0" encoding="UTF-8" ?>
<testsuite tests="72" failures="0" name="praktikum.TestIngredient" time="0" errors="0" skipped="0">
  <properties>
    <property name="idea.version" value="2022.1.3"/>
    <property name="java.runtime.name" value="OpenJDK Runtime Environment"/>
    <property name="java.vm.version" value="11.0.15+9-LTS"/>
    <property name="sun.boot.library.path" value="C:\Program Files\Amazon Corretto\jdk11.0.15_9\bin"/>
    <property name="maven.multiModuleProjectDirectory" value="D:\Ya_Prakt\projects\Diplom_1"/>
    <property name="java.vm.vendor" value="Amazon.com Inc."/>
    <property name="java.vendor.url" value="https://aws.amazon.com/corretto/"/>
    <property name="guice.disable.misplaced.annotation.check" value="true"/>
    <property name="path.separator" value=";"/>
    <property name="java.vm.name" value="OpenJDK 64-Bit Server VM"/>
    <property name="sun.os.patch.level" value=""/>
    <property name="user.script" value=""/>
    <property name="user.country" value="RU"/>
    <property name="sun.java.launcher" value="SUN_STANDARD"/>
    <property name="java.vm.specification.name" value="Java Virtual Machine Specification"/>
    <property name="user.dir" value="D:\Ya_Prakt\projects\Diplom_1"/>
    <property name="java.vm.compressedOopsMode" value="32-bit"/>
    <property name="java.runtime.version" value="11.0.15+9-LTS"/>
    <property name="java.awt.graphicsenv" value="sun.awt.Win32GraphicsEnvironment"/>
    <property name="os.arch" value="amd64"/>
    <property name="java.io.tmpdir" value="C:\Users\Julie\AppData\Local\Temp\"/>
    <property name="line.separator" value="
"/>
    <property name="java.vm.specification.vendor" value="Oracle Corporation"/>
    <property name="user.variant" value=""/>
    <property name="os.name" value="Windows 10"/>
    <property name="maven.ext.class.path" value="C:\Program Files\JetBrains\IntelliJ IDEA Community Edition 2022.1.3\plugins\maven\lib\maven-event-listener.jar"/>
    <property name="classworlds.conf" value="C:\Program Files\JetBrains\IntelliJ IDEA Community Edition 2022.1.3\plugins\maven\lib\maven3\bin\m2.conf"/>
    <property name="sun.jnu.encoding" value="Cp1251"/>
    <property name="java.library.path" value="C:\Program Files\Amazon Corretto\jdk11.0.15_9\bin;C:\WINDOWS\Sun\Java\bin;C:\WINDOWS\system32;C:\WINDOWS;C:\Program Files\Common Files\Oracle\Java\javapath;C:\Program Files\Amazon Corretto\jdk11.0.15_9\bin;C:\Program Files\NVIDIA GPU Computing Toolkit\CUDA\v11.2\bin;C:\Program Files\NVIDIA GPU Computing Toolkit\CUDA\v11.2\libnvvp;C:\Program Files (x86)\Common Files\Oracle\Java\javapath;C:\Windows\system32;C:\Windows;C:\Windows\System32\Wbem;C:\Windows\System32\WindowsPowerShell\v1.0\;C:\Windows\System32\OpenSSH\;D:\Soft\Cmake\bin;C:\WINDOWS\system32;C:\WINDOWS;C:\WINDOWS\System32\Wbem;C:\WINDOWS\System32\WindowsPowerShell\v1.0\;C:\WINDOWS\System32\OpenSSH\;C:\Program Files\PuTTY\;C:\Program Files\NVIDIA Corporation\Nsight Compute 2020.3.1\;C:\Program Files (x86)\NVIDIA Corporation\PhysX\Common;D:\Soft\TortoiseGit\bin;C:\Program Files\apache-maven-3.8.6\bin;D:\Soft\Git\cmd;C:\Program Files\Docker\Docker\resources\bin;C:\ProgramData\DockerDesktop\version-bin;D:\Python37\Scripts\;D:\Python37\;D:\Python 3.9\Scripts\;D:\Python 3.9\;C:\Users\Julie\AppData\Local\Microsoft\WindowsApps;C:\Program Files (x86)\allure-2.19.0\bin;;."/>
    <property name="maven.conf" value="C:\Program Files\JetBrains\IntelliJ IDEA Community Edition 2022.1.3\plugins\maven\lib\maven3/conf"/>
    <property name="jdk.debug" value="release"/>
    <property name="java.class.version" value="55.0"/>
    <property name="java.specification.name" value="Java Platform API Specification"/>
    <property name="sun.management.compiler" value="HotSpot 64-Bit Tiered Compilers"/>
    <property name="os.version" value="10.0"/>
    <property name="user.home" value="C:\Users\Julie"/>
    <property name="user.timezone" value="Europe/Moscow"/>
    <property name="java.awt.printerjob" value="sun.awt.windows.WPrinterJob"/>
    <property name="file.encoding" value="UTF-8"/>
    <property name="java.specification.version" value="11"/>
    <property name="user.name" value="Julie"/>
    <property name="java.class.path" value="C:\Program Files\JetBrains\IntelliJ IDEA Community Edition 2022.1.3\plugins\maven\lib\maven3\boot\plexus-classworlds-2.6.0.jar;C:\Program Files\JetBrains\IntelliJ IDEA Community Edition 2022.1.3\plugins\maven\lib\maven3\boot\plexus-classworlds.license"/>
    <property name="java.vm.specification.version" value="11"/>
    <property name="sun.arch.data.model" value="64"/>
    <property name="sun.java.command" value="org.codehaus.classworlds.Launcher -Didea.version=2022.1.3 verify"/>
    <property name="java.home" value="C:\Program Files\Amazon Corretto\jdk11.0.15_9"/>
    <property name="user.language" value="ru"/>
    <property name="java.specification.vendor" value="Oracle Corporation"/>
    <property name="awt.toolkit" value="sun.awt.windows.WToolkit"/>
    <property name="java.vm.info" value="mixed mode"/>
    <property name="java.version" value="11.0.15"/>
    <property name="java.vendor" value="Amazon.com Inc."/>
    <property name="maven.home" value="C:\Program Files\JetBrains\IntelliJ IDEA Community Edition 2022.1.3\plugins\maven\lib\maven3"/>
    <property name="file.separator" value="\"/>
    <property name="java.version.date" value="2022-04-19"/>
    <property name="java.vendor.url.bug" value="https://github.com/corretto/corretto-11/issues/"/>
    <property name="sun.io.unicode.encoding" value="UnicodeLittle"/>
    <property name="sun.cpu.endian" value="little"/>
    <property name="java.vendor.version" value="Corretto-11.0.15.9.1"/>
    <property name="sun.desktop" value="windows"/>
    <property name="sun.cpu.isalist" value="amd64"/>
  </properties>
  <testcase classname="praktikum.TestIngredient" name="testGetPrice[0]" time="0"/>
  <testcase classname="praktikum.TestIngredient" name="testGetName[0]" time="0"/>
  <testcase classname="praktikum.TestIngredient" name="testGetType[0]" time="0"/>
  <testcase classname="praktikum.TestIngredient" name="testGetPrice[1]" time="0"/>
  <testcase classname="praktikum.TestIngredient" name="testGetName[1]" time="0"/>
  <testcase classname="praktikum.TestIngredient" name="testGetType[1]" time="0"/>
  <testcase classname="praktikum.TestIngredient" name="testGetPrice[2]" time="0"/>
  <testcase classname="praktikum.TestIngredient" name="testGetName[2]" time="0"/>
  <testcase classname="praktikum.TestIngredient" name="testGetType[2]" time="0"/>
  <testcase classname="praktikum.TestIngredient" name="testGetPrice[3]" time="0"/>
  <testcase classname="praktikum.TestIngredient" name="testGetName[3]" time="0"/>
  <testcase classname="praktikum.TestIngredient" name="testGetType[3]" time="0"/>
  <testcase classname="praktikum.TestIngredient" name="testGetPrice[4]" time="0"/>
  <testcase classname="praktikum.TestIngredient" name="testGetName[4]" time="0"/>
  <testcase classname="praktikum.TestIngredient" name="testGetType[4]" time="0"/>
  <testcase classname="praktikum.TestIngredient" name="testGetPrice[5]" time="0"/>
  <testcase classname="praktikum.TestIngredient" name="testGetName[5]" time="0"/>
  <testcase classname="praktikum.TestIngredient" name="testGetType[5]" time="0"/>
  <testcase classname="praktikum.TestIngredient" name="testGetPrice[6]" time="0"/>
  <testcase classname="praktikum.TestIngredient" name="testGetName[6]" time="0"/>
  <testcase classname="praktikum.TestIngredient" name="testGetType[6]" time="0"/>
  <testcase classname="praktikum.TestIngredient" name="testGetPrice[7]" time="0"/>
  <testcase classname="praktikum.TestIngredient" name="testGetName[7]" time="0"/>
  <testcase classname="praktikum.TestIngredient" name="testGetType[7]" time="0"/>
  <testcase classname="praktikum.TestIngredient" name="testGetPrice[8]" time="0"/>
  <testcase classname="praktikum.TestIngredient" name="testGetName[8]" time="0"/>
  <testcase classname="praktikum.TestIngredient" name="testGetType[8]" time="0"/>
  <testcase classname="praktikum.TestIngredient" name="testGetPrice[9]" time="0"/>
  <testcase classname="praktikum.TestIngredient" name="testGetName[9]" time="0"/>
  <testcase classname="praktikum.TestIngredient" name="testGetType[9]" time="0"/>
  <testcase classname="praktikum.TestIngredient" name="testGetPrice[10]" time="0"/>
  <testcase classname="praktikum.TestIngredient" name="testGetName[10]" time="0"/>
  <testcase classname="praktikum.TestIngredient" name="testGetType[10]" time="0"/>
  <testcase classname="praktikum.TestIngredient" name="testGetPrice[11]" time="0"/>
  <testcase classname="praktikum.TestIngredient" name="testGetName[11]" time="0"/>
  <testcase classname="praktikum.TestIngredient" name="testGetType[11]" time="0"/>
  <testcase classname="praktikum.TestIngredient" name="testGetPrice[12]" time="0"/>
  <testcase classname="praktikum.TestIngredient" name="testGetName[12]" time="0"/>
  <testcase classname="praktikum.TestIngredient" name="testGetType[12]" time="0"/>
  <testcase classname="praktikum.TestIngredient" name="testGetPrice[13]" time="0"/>
  <testcase classname="praktikum.TestIngredient" name="testGetName[13]" time="0"/>
  <testcase classname="praktikum.TestIngredient" name="testGetType[13]" time="0"/>
  <testcase classname="praktikum.TestIngredient" name="testGetPrice[14]" time="0"/>
  <testcase classname="praktikum.TestIngredient" name="testGetName[14]" time="0"/>
  <testcase classname="praktikum.TestIngredient" name="testGetType[14]" time="0"/>
  <testcase classname="praktikum.TestIngredient" name="testGetPrice[15]" time="0"/>
  <testcase classname="praktikum.TestIngredient" name="testGetName[15]" time="0"/>
  <testcase classname="praktikum.TestIngredient" name="testGetType[15]" time="0"/>
  <testcase classname="praktikum.TestIngredient" name="testGetPrice[16]" time="0"/>
  <testcase classname="praktikum.TestIngredient" name="testGetName[16]" time="0"/>
  <testcase classname="praktikum.TestIngredient" name="testGetType[16]" time="0"/>
  <testcase classname="praktikum.TestIngredient" name="testGetPrice[17]" time="0"/>
  <testcase classname="praktikum.TestIngredient" name="testGetName[17]" time="0"/>
  <testcase classname="praktikum.TestIngredient" name="testGetType[17]" time="0"/>
  <testcase classname="praktikum.TestIngredient" name="testGetPrice[18]" time="0"/>
  <testcase classname="praktikum.TestIngredient" name="testGetName[18]" time="0"/>
  <testcase classname="praktikum.TestIngredient" name="testGetType[18]" time="0"/>
  <testcase classname="praktikum.TestIngredient" name="testGetPrice[19]" time="0"/>
  <testcase classname="praktikum.TestIngredient" name="testGetName[19]" time="0"/>
  <testcase classname="praktikum.TestIngredient" name="testGetType[19]" time="0"/>
  <testcase classname="praktikum.TestIngredient" name="testGetPrice[20]" time="0"/>
  <testcase classname="praktikum.TestIngredient" name="testGetName[20]" time="0"/>
  <testcase classname="praktikum.TestIngredient" name="testGetType[20]" time="0"/>
  <testcase classname="praktikum.TestIngredient" name="testGetPrice[21]" time="0"/>
  <testcase classname="praktikum.TestIngredient" name="testGetName[21]" time="0"/>
  <testcase classname="praktikum.TestIngredient" name="testGetType[21]" time="0"/>
  <testcase classname="praktikum.TestIngredient" name="testGetPrice[22]" time="0"/>
  <testcase classname="praktikum.TestIngredient" name="testGetName[22]" time="0"/>
  <testcase classname="praktikum.TestIngredient" name="testGetType[22]" time="0"/>
  <testcase classname="praktikum.TestIngredient" name="testGetPrice[23]" time="0"/>
  <testcase classname="praktikum.TestIngredient" name="testGetName[23]" time="0"/>
  <testcase classname="praktikum.TestIngredient" name="testGetType[23]" time="0"/>
</testsuite>