<?xml version="1.0" encoding="UTF-8"?>
<testsuite xmlns:xsi="http://www.w3.org/2001/XMLSchema-instance" xsi:noNamespaceSchemaLocation="https://maven.apache.org/surefire/maven-surefire-plugin/xsd/surefire-test-report-3.0.xsd" version="3.0" name="praktikum.BunTests" time="0.119" tests="2" errors="0" skipped="0" failures="0">
  <properties>
    <property name="sun.desktop" value="windows"/>
    <property name="awt.toolkit" value="sun.awt.windows.WToolkit"/>
    <property name="file.encoding.pkg" value="sun.io"/>
    <property name="java.specification.version" value="1.8"/>
    <property name="sun.cpu.isalist" value="amd64"/>
    <property name="sun.jnu.encoding" value="Cp1251"/>
    <property name="java.class.path" value="D:\java\Diplom_1\QA-java-diplom-1\target\test-classes;D:\java\Diplom_1\QA-java-diplom-1\target\classes;C:\Users\kalin\.m2\repository\org\mockito\mockito-core\3.12.4\mockito-core-3.12.4.jar;C:\Users\kalin\.m2\repository\net\bytebuddy\byte-buddy-agent\1.11.13\byte-buddy-agent-1.11.13.jar;C:\Users\kalin\.m2\repository\org\objenesis\objenesis\3.2\objenesis-3.2.jar;C:\Users\kalin\.m2\repository\net\bytebuddy\byte-buddy\1.11.16\byte-buddy-1.11.16.jar;C:\Users\kalin\.m2\repository\junit\junit\4.13.2\junit-4.13.2.jar;C:\Users\kalin\.m2\repository\org\hamcrest\hamcrest-core\1.3\hamcrest-core-1.3.jar;"/>
    <property name="java.vm.vendor" value="Oracle Corporation"/>
    <property name="sun.arch.data.model" value="64"/>
    <property name="user.variant" value=""/>
    <property name="java.vendor.url" value="http://java.oracle.com/"/>
    <property name="user.timezone" value="Europe/Moscow"/>
    <property name="java.vm.specification.version" value="1.8"/>
    <property name="os.name" value="Windows 10"/>
    <property name="user.country" value="RU"/>
    <property name="sun.java.launcher" value="SUN_STANDARD"/>
    <property name="sun.boot.library.path" value="D:\Program Files\java\jre\bin"/>
    <property name="sun.java.command" value="C:\Users\kalin\AppData\Local\Temp\surefire4759622918591581538\surefirebooter6662036292598916015.jar C:\Users\kalin\AppData\Local\Temp\surefire4759622918591581538 2022-07-09T17-46-21_228-jvmRun1 surefire8174127745709118997tmp surefire_08450723963175837938tmp"/>
    <property name="surefire.test.class.path" value="D:\java\Diplom_1\QA-java-diplom-1\target\test-classes;D:\java\Diplom_1\QA-java-diplom-1\target\classes;C:\Users\kalin\.m2\repository\org\mockito\mockito-core\3.12.4\mockito-core-3.12.4.jar;C:\Users\kalin\.m2\repository\net\bytebuddy\byte-buddy-agent\1.11.13\byte-buddy-agent-1.11.13.jar;C:\Users\kalin\.m2\repository\org\objenesis\objenesis\3.2\objenesis-3.2.jar;C:\Users\kalin\.m2\repository\net\bytebuddy\byte-buddy\1.11.16\byte-buddy-1.11.16.jar;C:\Users\kalin\.m2\repository\junit\junit\4.13.2\junit-4.13.2.jar;C:\Users\kalin\.m2\repository\org\hamcrest\hamcrest-core\1.3\hamcrest-core-1.3.jar;"/>
    <property name="sun.cpu.endian" value="little"/>
    <property name="user.home" value="C:\Users\kalin"/>
    <property name="user.language" value="ru"/>
    <property name="java.specification.vendor" value="Oracle Corporation"/>
    <property name="java.home" value="D:\Program Files\java\jre"/>
    <property name="basedir" value="D:\java\Diplom_1\QA-java-diplom-1"/>
    <property name="file.separator" value="\"/>
    <property name="line.separator" value="&#10;"/>
    <property name="java.vm.specification.vendor" value="Oracle Corporation"/>
    <property name="java.specification.name" value="Java Platform API Specification"/>
    <property name="java.awt.graphicsenv" value="sun.awt.Win32GraphicsEnvironment"/>
    <property name="surefire.real.class.path" value="C:\Users\kalin\AppData\Local\Temp\surefire4759622918591581538\surefirebooter6662036292598916015.jar;C:\\Users\\kalin\\.m2\\repository\\org\\jacoco\\org.jacoco.agent\\0.8.7\\org.jacoco.agent-0.8.7-runtime.jar"/>
    <property name="sun.boot.class.path" value="D:\Program Files\java\jre\lib\resources.jar;D:\Program Files\java\jre\lib\rt.jar;D:\Program Files\java\jre\lib\sunrsasign.jar;D:\Program Files\java\jre\lib\jsse.jar;D:\Program Files\java\jre\lib\jce.jar;D:\Program Files\java\jre\lib\charsets.jar;D:\Program Files\java\jre\lib\jfr.jar;D:\Program Files\java\jre\classes"/>
    <property name="user.script" value=""/>
    <property name="sun.management.compiler" value="HotSpot 64-Bit Tiered Compilers"/>
    <property name="java.runtime.version" value="1.8.0_281-b09"/>
    <property name="user.name" value="kalin"/>
    <property name="path.separator" value=";"/>
    <property name="os.version" value="10.0"/>
    <property name="java.endorsed.dirs" value="D:\Program Files\java\jre\lib\endorsed"/>
    <property name="java.runtime.name" value="Java(TM) SE Runtime Environment"/>
    <property name="file.encoding" value="Cp1251"/>
    <property name="java.vm.name" value="Java HotSpot(TM) 64-Bit Server VM"/>
    <property name="localRepository" value="C:\Users\kalin\.m2\repository"/>
    <property name="java.vendor.url.bug" value="http://bugreport.sun.com/bugreport/"/>
    <property name="java.io.tmpdir" value="C:\Users\kalin\AppData\Local\Temp\"/>
    <property name="java.version" value="1.8.0_281"/>
    <property name="user.dir" value="D:\java\Diplom_1\QA-java-diplom-1"/>
    <property name="os.arch" value="amd64"/>
    <property name="java.vm.specification.name" value="Java Virtual Machine Specification"/>
    <property name="java.awt.printerjob" value="sun.awt.windows.WPrinterJob"/>
    <property name="sun.os.patch.level" value=""/>
    <property name="java.library.path" value="D:\Program Files\java\jre\bin;C:\Windows\Sun\Java\bin;C:\Windows\system32;C:\Windows;C:\Program Files\Common Files\Oracle\Java\javapath;C:\Windows\system32;C:\Windows;C:\Windows\System32\Wbem;C:\Windows\System32\WindowsPowerShell\v1.0\;C:\Windows\System32\OpenSSH\;D:\Program Files\Scala\bin;D:\Program Files\Putty\;C:\Program Files\dotnet\;C:\Program Files\Microsoft SQL Server\130\Tools\Binn\;C:\Program Files\Microsoft SQL Server\Client SDK\ODBC\170\Tools\Binn\;D:\Program Files\NodeJs\;C:\ProgramData\chocolatey\bin;D:\Program Files\Maven\bin;C:\Program Files\Git\cmd;D:\WebDriver\bin;;C:\Program Files\Docker\Docker\resources\bin;C:\ProgramData\DockerDesktop\version-bin;C:\Users\kalin\AppData\Local\Microsoft\WindowsApps;D:\Program Files\PyCharm 2021.2.4\bin;;D:\Program Files\IntelliJ IDEA 2020.1\bin;;D:\scala\hadoop_1\hadoop-3.1.0\bin;D:\Program Files\jdk\bin;D:\scala\spark_1\spark-3.1.1-bin-hadoop2.7\bin;D:\scala\hadoop_1\hadoop-2.7.0\;D:\Program Files\java\bin;D:\scala\hadoop_1\hadoop-2.7.0\lib\;D:\scala\hadoop_1\hadoop-2.7.0\lib\native;C:\Users\kalin\AppData\Local\Programs\Microsoft VS Code\bin;C:\Users\kalin\.dotnet\tools;C:\Users\kalin\AppData\Roaming\npm;C:\Users\kalin\AppData\Local\Programs\Python\Python310;C:\Users\kalin\AppData\Local\Programs\Python\Python310\;C:\Users\kalin\AppData\Local\Programs\Python\Python39\Scripts;C:\Users\kalin\AppData\Local\Programs\Python\Python39\Scripts\;D:\Program Files\Maven\bin;D:\WebDriver\bin;C:\Users\kalin\yandex-cloud\bin;D:\java\allure-2.18.1\bin;D:\java\allure-2.18.1\bin\;;."/>
    <property name="java.vm.info" value="mixed mode"/>
    <property name="java.vendor" value="Oracle Corporation"/>
    <property name="java.vm.version" value="25.281-b09"/>
    <property name="java.ext.dirs" value="D:\Program Files\java\jre\lib\ext;C:\Windows\Sun\Java\lib\ext"/>
    <property name="sun.io.unicode.encoding" value="UnicodeLittle"/>
    <property name="java.class.version" value="52.0"/>
  </properties>
  <testcase name="shouldReturnCorrectPriceOfBun" classname="praktikum.BunTests" time="0.007"/>
  <testcase name="shouldReturnCorrectNameOfBun" classname="praktikum.BunTests" time="0"/>
</testsuite>